
 Primary working directories    : /global/cscratch1/sd/mcbennet
 Secondary working directories  : /global/cscratch1/sd/mcbennet
 Wavefunction directory         : /global/homes/m/mcbennet/wfu/
 Main file repository           : /global/cscratch1/sd/mcbennet/

 SHA1      : 19cd028119e0e09f93f0674bd8af7968d9b3eff6
 NAME      : 2015.1.36
 ARCHNAME  : linux/x86_64
 FC        : /opt/cray/pe/craype/2.5.14/bin/ftn
 BLASLIB   : -L/opt/intel/compilers_and_libraries_2018.1.163/linux/mkl/lib/intel64 -Wl,-_start-group -lmkl_intel_ilp64 -lmkl_intel_thread -lmkl_core -Wl,-_end-group -liomp5
 id        : lbl

 Nodes     nprocs
 nid01609     3
 Number of processes for MPI-2 version of Molpro:   nprocs(total)=    4   nprocs(compute)=    3   nprocs(helper)=    1

 Using customized tuning parameters: mindgm=7; mindgv=16; mindgc=1; mindgr=1; noblas=0; minvec=7
 default implementation of scratch files=sf  

 ***,Calculation for all-electron SrO molecule, SCF and CCSD(T)
 memory,1,g
 gthresh,twoint=1.0E-12
 
 set,dkroll=1,dkho=10,dkhp=4
 basis={
 Including file /global/cscratch1/sd/mcbennet/Repos/heavy_element_ecps/molecules/lao/AE/r_1.9/../generate/cc-pwCVTZ-DK3.basis
 Including file /global/cscratch1/sd/mcbennet/Repos/heavy_element_ecps/molecules/lao/AE/r_1.9/../generate/O-aug-cc-pCVTZ.basis
 }
 
                                                                                 !  geometry={
                                                                                 !      1
                                                                                 !      La atom
                                                                                 !      La 0.0 0.0 0.0
                                                                                 !  }
                                                                                 !  {rhf;
                                                                                 !   start,atden
                                                                                 !   print,orbitals=2
                                                                                 !   wf,57,1,1
                                                                                 !   occ,11,4,4,2,4,2,2,0
                                                                                 !   closed,10,4,4,2,4,2,2,0
                                                                                 !   sym,1,1,1,1,2,3,1,2,3,1,1,2
                                                                                 !   orbital,4202.2
                                                                                 !  }
                                                                                 !  La_scf=energy
                                                                                 !  _CC_NORM_MAX=2.0
                                                                                 !  {rccsd(t),maxit=100;
                                                                                 !  thresh,coeff=1d-3,energy=1d-5;
                                                                                 !  core}
                                                                                 !  La_ccsd=energy
                                                                                 !
                                                                                 !
                                                                                 !  geometry={
                                                                                 !     1
                                                                                 !     Oxygen
                                                                                 !     O 0.0 0.0 0.0
                                                                                 !  }
                                                                                 !  {rhf;
                                                                                 !   start,atden
                                                                                 !   wf,8,7,2;
                                                                                 !   occ,2,1,1,0,1,0,0,0;
                                                                                 !   open,1.3,1.5;
                                                                                 !  }
                                                                                 !  O_scf=energy
                                                                                 !  _CC_NORM_MAX=2.0
                                                                                 !  {rccsd(t);maxit,100;core}
                                                                                 !  O_ccsd=energy
 
 
                                                                                 !These are the wf cards parameters
 ne = 65
 symm = 1
 ss= 1
 
                                                                                 !There are irrep cards paramters
 A1=8+6
 B1=3+1
 B2=3+1
 A2=2
 
 
 geometry={
     2
     LaO molecule
     La 0.0 0.0 0.0
     O 0.0 0.0 1.9
 }
 {rhf,nitord=20;
  maxit,200;
  wf,ne,symm,ss
                                                                                 ! occ,A1,B1,B2,A2
                                                                                 ! closed,A1,B1,B2,A2
  print,orbitals=2
                                                                                 ! orbital,4202.2
 }
 scf=energy
 _CC_NORM_MAX=2.0
 {rccsd(t);maxit,100;core}
 ccsd=energy
 bind=ccsd-Sr_ccsd-O_ccsd
 
 
 table,1.9,scf,ccsd,bind
 save
 type,csv
 

 Variables initialized (889), CPU time= 0.00 sec
 Commands  initialized (702), CPU time= 0.01 sec, 572 directives.
 Default parameters read. Elapsed time= 0.20 sec

 Checking input...
 Passed
1


                                         ***  PROGRAM SYSTEM MOLPRO  ***
                                       Copyright, TTI GmbH Stuttgart, 2015
                                    Version 2015.1 linked Dec 29 2018 15:55:43


 **********************************************************************************************************************************
 LABEL *   Calculation for all-electron SrO molecule, SCF and CCSD(T)                    
  64 bit mpp version                                                                     DATE: 13-Nov-19          TIME: 08:57:56  
 **********************************************************************************************************************************

 SHA1:             19cd028119e0e09f93f0674bd8af7968d9b3eff6
 **********************************************************************************************************************************

 THRESHOLDS:

 ZERO    =  1.00D-12  ONEINT  =  1.00D-12  TWOINT  =  1.00D-12  PREFAC  =  1.00D-14  LOCALI  =  1.00D-09  EORDER  =  1.00D-04
 ENERGY  =  0.00D+00  ETEST   =  0.00D+00  EDENS   =  0.00D+00  THRDEDEF=  1.00D-06  GRADIENT=  1.00D-02  STEP    =  1.00D-03
 ORBITAL =  1.00D-05  CIVEC   =  1.00D-05  COEFF   =  1.00D-04  PRINTCI =  5.00D-02  PUNCHCI =  9.90D+01  OPTGRAD =  3.00D-04
 OPTENERG=  1.00D-06  OPTSTEP =  3.00D-04  THRGRAD =  1.00D-10  COMPRESS=  1.00D-11  VARMIN  =  1.00D-07  VARMAX  =  1.00D-03
 THRDOUB =  0.00D+00  THRDIV  =  1.00D-05  THRRED  =  1.00D-07  THRPSP  =  1.00D+00  THRDC   =  1.00D-10  THRCS   =  1.00D-10
 THRNRM  =  1.00D-08  THREQ   =  0.00D+00  THRDE   =  1.00D+00  THRREF  =  1.00D-05  SPARFAC =  1.00D+00  THRDLP  =  1.00D-07
 THRDIA  =  1.00D-10  THRDLS  =  1.00D-07  THRGPS  =  0.00D+00  THRKEX  =  0.00D+00  THRDIS  =  2.00D-01  THRVAR  =  1.00D-10
 THRLOC  =  1.00D-06  THRGAP  =  1.00D-06  THRLOCT = -1.00D+00  THRGAPT = -1.00D+00  THRORB  =  1.00D-06  THRMLTP =  0.00D+00
 THRCPQCI=  1.00D-10  KEXTA   =  0.00D+00  THRCOARS=  0.00D+00  SYMTOL  =  1.00D-06  GRADTOL =  1.00D-06  THROVL  =  1.00D-08
 THRORTH =  1.00D-08  GRID    =  1.00D-06  GRIDMAX =  1.00D-03  DTMAX   =  0.00D+00  THROCCDE=  1.00D-01  THROCCDE=  1.00D-01


 SETTING DKROLL         =         1.00000000                                  
 SETTING DKHO           =        10.00000000                                  
 SETTING DKHP           =         4.00000000                                  

 Variable memory set to 1000000000 words,  buffer space   230000 words

 SETTING BASIS          =    USERDEF
 SETTING NE             =        65.00000000                                  
 SETTING SYMM           =         1.00000000                                  
 SETTING SS             =         1.00000000                                  
 SETTING A1             =        14.00000000                                  
 SETTING B1             =         4.00000000                                  
 SETTING B2             =         4.00000000                                  
 SETTING A2             =         2.00000000                                  

Geometry recognized as XYZ



 Recomputing integrals since basis changed


 Using spherical harmonics



 PROGRAM * SEWARD (Integral evaluation for generally contracted gaussian basis sets)     Author: Roland Lindh, 1990

 Geometry written to block  1 of record 700


 Point group  C2v 



 ATOMIC COORDINATES

 NR  ATOM    CHARGE       X              Y              Z

   1  LA     57.00    0.000000000    0.000000000    0.000000000
   2  O       8.00    0.000000000    0.000000000    3.590479637

 Bond lengths in Bohr (Angstrom)

 1-2  3.590479637
     ( 1.900000000)

 NUCLEAR CHARGE:                   65
 NUMBER OF PRIMITIVE AOS:         495
 NUMBER OF SYMMETRY AOS:          396
 NUMBER OF CONTRACTIONS:          396   ( 163A1  +  94B1  +  94B2  +  45A2  )
 NUMBER OF CORE ORBITALS:          24   (  12A1  +   5B1  +   5B2  +   2A2  )
 NUMBER OF VALENCE ORBITALS:       21   (   9A1  +   5B1  +   5B2  +   2A2  )


 NUCLEAR REPULSION ENERGY  127.00253062

 One-electron integrals computed with SEWARD

 10nd-order Douglas-Kroll-Hess method activated. McWeeny DKH parametrization is used.

 Computing Douglas-Kroll / X2C integrals

 AO integral compression algorithm  1   Integral accuracy      1.0D-12

     1700.790 MB (compressed) written to integral file ( 24.5%)

     Node minimum: 492.831 MB, node maximum: 657.457 MB


 NUMBER OF SORTED TWO-ELECTRON INTEGRALS:  263754999.     BUFFER LENGTH:  32768
 NUMBER OF SEGMENTS:   9  SEGMENT LENGTH:   31998204      RECORD LENGTH: 524288

 Memory used in sort:      32.56 MW

 SORT1 READ   868791281. AND WROTE    87829770. INTEGRALS IN    256 RECORDS. CPU TIME:     9.99 SEC, REAL TIME:    15.34 SEC
 SORT2 READ   262179500. AND WROTE   791357556. INTEGRALS IN   5640 RECORDS. CPU TIME:     3.01 SEC, REAL TIME:     4.07 SEC

 Node minimum:   263747223.  Node maximum:   263855334. integrals

 OPERATOR DM      FOR CENTER  0  COORDINATES:    0.000000    0.000000    0.000000

 EXTRA SYMMETRY OF AOS IN SYMMETRY 1:   1 1 1 1 1 1 1 1 1 1   1 1 1 1 1 1 1 1 1 1   1 1 1 1 1 1 1 1 1 1   1 1 1 1 1 1 1 1 1 1
                                        1 1 1 1 1 1 1 1 1 1   1 1 1 1 1 1 1 1 2 1   2 1 2 1 2 1 2 1 2 1   2 1 2 1 2 1 2 1 2 1
                                        2 1 2 1 2 1 2 1 2 1   2 1 2 1 2 1 2 1 2 1   2 1 2 1 2 1 2 1 2 1   2 1 2 1 2 1 3 2 1 3
                                        2 1 3 2 1 3 2 2 3 1   1 1 1 1 1 1 1 1 1 1   1 1 1 1 1 1 1 1 1 1   1 1 2 1 2 1 2 1 2 1
                                        2 1 2
 EXTRA SYMMETRY OF AOS IN SYMMETRY 2:   1 1 1 1 1 1 1 1 1 1   1 1 1 1 1 1 1 1 1 1   1 1 1 1 1 1 1 1 1 1   1 1 1 1 1 1 1 1 1 1
                                        1 1 2 1 2 1 2 1 2 1   2 1 2 1 2 1 2 1 2 1   2 1 2 1 2 1 2 1 2 1   2 1 2 1 2 1 2 3 1 1
                                        1 1 1 1 1 1 1 1 1 1   1 2 1 2
 EXTRA SYMMETRY OF AOS IN SYMMETRY 3:   1 1 1 1 1 1 1 1 1 1   1 1 1 1 1 1 1 1 1 1   1 1 1 1 1 1 1 1 1 1   1 1 1 1 1 1 1 1 1 1
                                        1 1 2 1 2 1 2 1 2 1   2 1 2 1 2 1 2 1 2 1   2 1 2 1 2 1 2 1 2 1   2 1 2 1 2 1 2 3 1 1
                                        1 1 1 1 1 1 1 1 1 1   1 2 1 2
 EXTRA SYMMETRY OF AOS IN SYMMETRY 4:   1 1 1 1 1 1 1 1 1 1   1 1 1 1 1 1 1 1 1 1   1 1 1 1 1 1 1 1 1 1   2 1 2 1 2 1 2 2 1 1
                                        1 1 1 1 1

 Eigenvalues of metric

         1 0.162E-07 0.212E-05 0.561E-05 0.252E-04 0.289E-04 0.726E-04 0.769E-04 0.789E-04
         2 0.586E-05 0.753E-04 0.769E-04 0.337E-03 0.116E-02 0.120E-02 0.124E-02 0.174E-02
         3 0.586E-05 0.753E-04 0.769E-04 0.337E-03 0.116E-02 0.120E-02 0.124E-02 0.174E-02
         4 0.769E-04 0.124E-02 0.174E-02 0.625E-02 0.164E-01 0.238E-01 0.369E-01 0.656E-01


 **********************************************************************************************************************************
 DATASETS  * FILE   NREC   LENGTH (MB)   RECORD NAMES
              1      22       23.06       500      610      700      900      950      970     1000      129      960     1700   
                                          VAR    BASINP    GEOM    SYMINP    ZMAT    AOBASIS   BASIS     P2S    ABASIS    OPER   
                                         1101     1401     1411     1412     1650     1100     1400     1410     1200     1210   
                                          SR      EKINR    POTR     PVPR    MOLCAS      S      EKIN      POT      H0       H01  
                                         1080     1600   
                                         AOSYM     SMH  

 PROGRAMS   *        TOTAL       INT
 CPU TIMES  *       117.11    116.95
 REAL TIME  *       126.08 SEC
 DISK USED  *         4.79 GB      
 GA USED    *         0.00 MB       (max)       0.00 MB       (current)
 **********************************************************************************************************************************


 PROGRAM * RHF-SCF (OPEN SHELL)       Authors: W. Meyer, H.-J. Werner


 NUMBER OF ELECTRONS:      33+   32-    SPACE SYMMETRY=1    SPIN SYMMETRY: Doublet 
 CONVERGENCE THRESHOLDS:    1.00E-05 (Density)    1.30E-07 (Energy)
 MAX. NUMBER OF ITERATIONS:      200
 INTERPOLATION TYPE:            DIIS
 INTERPOLATION STEPS:              2 (START)      1 (STEP)
 LEVEL SHIFTS:                 -0.60 (CLOSED) -0.30 (OPEN) 



 Orbital guess generated from atomic densities. Full valence occupancy:   19   8   8   3

 Molecular orbital dump at record        2100.2

 Initial alpha occupancy:  17   7   7   2
 Initial beta  occupancy:  16   7   7   2
 Wave function symmetry:    1

 ITERATION    DDIFF          GRAD             ENERGY        2-EL.EN.            DIPOLE MOMENTS         DIIS   ORB.
    1      0.000D+00      0.000D+00     -8564.21828055   6439.667964    0.00000    0.00000   -5.18643    0    start
    2      0.000D+00      0.792D-02     -8564.48682999   6481.011083    0.00000    0.00000   -2.79270    1    diag,B
    3      0.191D+00      0.368D-02     -8564.52278042   6478.859113    0.00000    0.00000   -2.47095    2    diag,B
    4      0.351D-01      0.109D-02     -8564.54201943   6482.625891    0.00000    0.00000   -2.03168    3    diag,B
    5      0.279D-01      0.604D-03     -8564.55342105   6484.776527    0.00000    0.00000   -1.79201    4    diag,B
    6      0.167D-01      0.382D-03     -8564.55996319   6486.070612    0.00000    0.00000   -1.68743    5    diag,B
    7      0.877D-02      0.236D-03     -8564.56277485   6486.950516    0.00000    0.00000   -1.65703    6    diag,B
    8      0.453D-02      0.120D-03     -8564.56336308   6487.303207    0.00000    0.00000   -1.65372    7    diag,B
    9      0.187D-02      0.566D-04     -8564.56347521   6487.384896    0.00000    0.00000   -1.64532    8    diag,B
   10      0.368D-03      0.245D-04     -8564.56350395   6487.373027    0.00000    0.00000   -1.62968    9    orth
   11      0.332D-03      0.123D-04     -8564.56351377   6487.349405    0.00000    0.00000   -1.61627    9    diag,B
   12      0.133D-03      0.802D-05     -8564.56351961   6487.319415    0.00000    0.00000   -1.60214    9    diag,B
   13      0.523D-04      0.493D-05     -8564.56352211   6487.302724    0.00000    0.00000   -1.59137    9    diag,B
   14      0.381D-04      0.294D-05     -8564.56352303   6487.289557    0.00000    0.00000   -1.58372    9    diag,B
   15      0.237D-04      0.163D-05     -8564.56352328   6487.284298    0.00000    0.00000   -1.57941    9    diag,B
   16      0.196D-04      0.869D-06     -8564.56352334   6487.282592    0.00000    0.00000   -1.57731    9    diag,B
   17      0.138D-04      0.403D-06     -8564.56352335   6487.282197    0.00000    0.00000   -1.57660    9    diag,B
   18      0.444D-05      0.179D-06     -8564.56352335   6487.282268    0.00000    0.00000   -1.57658    0    orth

 Final alpha occupancy:  17   7   7   2
 Final beta  occupancy:  16   7   7   2

 !RHF STATE 1.1 Energy              -8564.563523351029
 Nuclear energy                       127.00253062
 One-electron energy               -11935.20718820
 Two-electron energy                 3243.64113423
 Virial quotient                       -0.82869070
 !RHF STATE 1.1 Dipole moment           0.00000000     0.00000000    -1.57658164
 Dipole moment /Debye                   0.00000000     0.00000000    -4.00700835

 ELECTRON ORBITALS
 =================


   Orb  Occ    Energy  Couls-En    Coefficients

                                   1 1s      1 1s      1 1s      1 1s      1 1s      1 1s      1 1s      1 1s      1 1s      1 1s   
                                   1 1s      1 1s      1 1s      1 1s      1 1s      1 1s      1 1s      1 1s      1 1s      1 1s   
                                   1 1s      1 1s      1 1s      1 1s      1 1s      1 1s      1 1s      1 1s      1 1s      1 1s   
                                   1 1s      1 1s      1 2pz     1 2pz     1 2pz     1 2pz     1 2pz     1 2pz     1 2pz     1 2pz  
                                   1 2pz     1 2pz     1 2pz     1 2pz     1 2pz     1 2pz     1 2pz     1 2pz     1 2pz     1 2pz  
                                   1 2pz     1 2pz     1 2pz     1 2pz     1 2pz     1 2pz     1 2pz     1 3d0     1 3d2+    1 3d0  
                                   1 3d2+    1 3d0     1 3d2+    1 3d0     1 3d2+    1 3d0     1 3d2+    1 3d0     1 3d2+    1 3d0  
                                   1 3d2+    1 3d0     1 3d2+    1 3d0     1 3d2+    1 3d0     1 3d2+    1 3d0     1 3d2+    1 3d0  
                                   1 3d2+    1 3d0     1 3d2+    1 3d0     1 3d2+    1 3d0     1 3d2+    1 3d0     1 3d2+    1 4f0  
                                   1 4f2+    1 4f0     1 4f2+    1 4f0     1 4f2+    1 4f0     1 4f2+    1 4f0     1 4f2+    1 4f0  
                                   1 4f2+    1 4f0     1 4f2+    1 4f0     1 4f2+    1 4f0     1 4f2+    1 4f0     1 4f2+    1 4f0  
                                   1 4f2+    1 4f0     1 4f2+    1 4f0     1 4f2+    1 5g0     1 5g4+    1 5g2+    1 5g0     1 5g4+ 
                                   1 5g2+    1 5g0     1 5g4+    1 5g2+    1 5g0     1 5g4+    1 5g2+    1 6h2+    1 6h4+    1 6h0  
                                   2 1s      2 1s      2 1s      2 1s      2 1s      2 1s      2 1s      2 1s      2 1s      2 1s   
                                   2 1s      2 1s      2 1s      2 2pz     2 2pz     2 2pz     2 2pz     2 2pz     2 2pz     2 2pz  
                                   2 2pz     2 3d0     2 3d2+    2 3d0     2 3d2+    2 3d0     2 3d2+    2 3d0     2 3d2+    2 4f0  
                                   2 4f2+    2 4f0     2 4f2+ 

   1.1   2 -1437.6012-3141.1811  0.000213  0.000228  0.000641  0.001029  0.002093  0.003687  0.006887  0.012381  0.022748  0.041399
                                 0.075274  0.131674  0.210758  0.277748  0.255316  0.125473  0.020764  0.000065  0.000371 -0.000407
                                 0.000700  0.003126  0.000347 -0.000044  0.000013 -0.000006  0.000002 -0.000000  0.000000 -0.000000
                                -0.002779 -0.001167 -0.000000 -0.000000 -0.000000 -0.000000 -0.000000 -0.000000 -0.000000 -0.000000
                                -0.000000  0.000000  0.000000  0.000000  0.000000  0.000000 -0.000000  0.000000  0.000001 -0.000000
                                 0.000000 -0.000000  0.000000  0.000000  0.000000  0.000000 -0.000001 -0.000000 -0.000000 -0.000000
                                 0.000000 -0.000000 -0.000000 -0.000000  0.000000  0.000000 -0.000000  0.000000  0.000000  0.000000
                                -0.000000  0.000000  0.000000 -0.000000 -0.000000  0.000000  0.000000 -0.000000 -0.000000  0.000000
                                 0.000000 -0.000000 -0.000000  0.000000  0.000000  0.000000 -0.000000  0.000000  0.000000  0.000000
                                 0.000000  0.000000 -0.000000  0.000000  0.000000 -0.000000 -0.000000  0.000000  0.000000  0.000000
                                 0.000000  0.000000  0.000000 -0.000000 -0.000000  0.000000  0.000000  0.000000 -0.000000  0.000000
                                 0.000000 -0.000000 -0.000000 -0.000000 -0.000000  0.000000  0.000000 -0.000000 -0.000000  0.000000
                                 0.000000  0.000000  0.000000  0.000000  0.000000 -0.000000  0.000000  0.000000  0.000000 -0.000000
                                 0.000000 -0.000000  0.000000 -0.000000  0.000000  0.000000  0.000000  0.000000 -0.000000 -0.000000
                                -0.000000 -0.000000 -0.000000 -0.000000 -0.000000  0.000000 -0.000000  0.000000  0.000000  0.000000
                                 0.000000 -0.000000  0.000000  0.000000 -0.000000  0.000000 -0.000000 -0.000000  0.000000 -0.000000
                                -0.000000 -0.000000  0.000000

   2.1   2  -232.7927 -662.5280 -0.000075 -0.000080 -0.000226 -0.000364 -0.000742 -0.001310 -0.002461 -0.004461 -0.008304 -0.015413
                                -0.028963 -0.053449 -0.094019 -0.144868 -0.166634 -0.058364  0.257829  0.511371  0.339578  0.064386
                                -0.002240  0.003803  0.001269 -0.000293  0.000083 -0.000032  0.000015 -0.000002  0.000002 -0.000001
                                 0.000303 -0.003619  0.000000  0.000000  0.000000  0.000000  0.000000  0.000001  0.000002  0.000005
                                 0.000014  0.000032  0.000054  0.000071  0.000045  0.000011  0.000002  0.000002  0.000008 -0.000002
                                 0.000002 -0.000002  0.000002  0.000001  0.000000  0.000000 -0.000007  0.000000 -0.000000  0.000000
                                -0.000000  0.000000  0.000000  0.000000 -0.000000 -0.000001  0.000000  0.000000  0.000000 -0.000001
                                 0.000000 -0.000001 -0.000000 -0.000000  0.000000 -0.000000 -0.000000 -0.000001 -0.000000  0.000000
                                 0.000000 -0.000000 -0.000000  0.000000  0.000000  0.000001 -0.000000  0.000000  0.000000  0.000000
                                -0.000000  0.000000  0.000000 -0.000000 -0.000000  0.000001  0.000000 -0.000002 -0.000000 -0.000001
                                -0.000000  0.000000 -0.000000 -0.000000  0.000000  0.000001  0.000000  0.000000  0.000000  0.000000
                                -0.000000  0.000003  0.000000  0.000000  0.000000 -0.000000 -0.000000  0.000000  0.000000 -0.000000
                                -0.000000 -0.000000  0.000000  0.000000  0.000000 -0.000000 -0.000000  0.000000 -0.000000 -0.000000
                                 0.000000 -0.000000  0.000000 -0.000000  0.000000  0.000002  0.000002  0.000001 -0.000001 -0.000002
                                -0.000003 -0.000001 -0.000001 -0.000000 -0.000000  0.000000 -0.000000  0.000001  0.000000  0.000000
                                 0.000000 -0.000000 -0.000000  0.000000 -0.000000  0.000000  0.000000 -0.000000  0.000000 -0.000000
                                 0.000000 -0.000000  0.000000

   3.1   2  -208.5726 -624.0605  0.000000  0.000000  0.000000  0.000000  0.000000  0.000000  0.000000  0.000001  0.000002  0.000003
                                 0.000006  0.000011  0.000019  0.000029  0.000034  0.000011 -0.000058 -0.000096 -0.000068 -0.000007
                                -0.000033 -0.000354 -0.000087  0.000024 -0.000014  0.000007  0.000002 -0.000008 -0.000001 -0.000000
                                 0.000256  0.000203  0.000010  0.000030  0.000095  0.000292  0.000914  0.002899  0.009175  0.027935
                                 0.077317  0.178969  0.313161  0.349527  0.193421  0.037438  0.001998 -0.000552 -0.001609  0.000178
                                -0.000086  0.000043 -0.000017  0.000000 -0.000005  0.000001  0.001732  0.000000 -0.000000  0.000000
                                -0.000000  0.000000 -0.000000  0.000001 -0.000000  0.000005  0.000000  0.000013 -0.000000  0.000009
                                 0.000000  0.000004 -0.000000  0.000002  0.000000  0.000001 -0.000000  0.000001 -0.000000 -0.000001
                                -0.000000  0.000000 -0.000000  0.000002 -0.000000 -0.000005 -0.000000 -0.000001  0.000000 -0.000000
                                 0.000000  0.000001  0.000000 -0.000001  0.000000 -0.000000  0.000000 -0.000006 -0.000000 -0.000008
                                -0.000000 -0.000004 -0.000000  0.000003  0.000000 -0.000002  0.000000 -0.000001  0.000000 -0.000000
                                -0.000000  0.000008  0.000000  0.000009  0.000000  0.000001 -0.000000  0.000000 -0.000000 -0.000000
                                -0.000000  0.000001  0.000000  0.000000 -0.000001  0.000000 -0.000000  0.000000 -0.000000  0.000000
                                -0.000000  0.000000 -0.000000  0.000000 -0.000000 -0.000006 -0.000007 -0.000001  0.000002  0.000006
                                 0.000008  0.000004  0.000007  0.000000  0.000000 -0.000001  0.000000 -0.000002 -0.000000 -0.000000
                                -0.000001  0.000000  0.000000 -0.000001  0.000000 -0.000000 -0.000000 -0.000000 -0.000000  0.000000
                                 0.000000  0.000001 -0.000000

   4.1   2   -51.4505 -233.5264  0.000034  0.000037  0.000103  0.000165  0.000337  0.000596  0.001120  0.002033  0.003792  0.007058
                                 0.013334  0.024804  0.044317  0.070054  0.084137  0.028584 -0.181123 -0.471725 -0.383429  0.319460
                                 0.748695  0.395731  0.041043 -0.000732  0.000717 -0.000440  0.000081 -0.000020  0.000021 -0.000005
                                -0.069412 -0.039700 -0.000000 -0.000000 -0.000000 -0.000000 -0.000001 -0.000002 -0.000007 -0.000022
                                -0.000061 -0.000147 -0.000270 -0.000314  0.000004  0.000559  0.000863  0.000416  0.000187 -0.000033
                                 0.000025 -0.000013  0.000017  0.000008  0.000001  0.000000 -0.000223 -0.000000 -0.000000 -0.000000
                                 0.000000 -0.000001 -0.000000 -0.000002  0.000000 -0.000007 -0.000000 -0.000022  0.000000 -0.000039
                                -0.000000 -0.000048  0.000000 -0.000073  0.000000 -0.000008  0.000000  0.000007  0.000000  0.000003
                                 0.000000 -0.000002  0.000000  0.000003  0.000000  0.000007 -0.000000  0.000000  0.000000 -0.000000
                                 0.000000 -0.000002  0.000000  0.000004 -0.000000  0.000019 -0.000000 -0.000028 -0.000000 -0.000008
                                -0.000000  0.000005 -0.000000 -0.000001 -0.000000  0.000005 -0.000000  0.000001 -0.000000  0.000000
                                -0.000000  0.000024  0.000000  0.000002  0.000000  0.000001  0.000000 -0.000000  0.000002 -0.000000
                                 0.000000 -0.000002  0.000000  0.000000  0.000001 -0.000000 -0.000000  0.000000  0.000000 -0.000001
                                -0.000000 -0.000000  0.000000 -0.000000  0.000001  0.000011  0.000015  0.000007 -0.000005 -0.000014
                                -0.000017 -0.000008 -0.000011 -0.000000 -0.000001  0.000002 -0.000001  0.000010  0.000001  0.000000
                                 0.000002 -0.000000  0.000000  0.000001  0.000000  0.000000  0.000000 -0.000003 -0.000000 -0.000000
                                -0.000000 -0.000001 -0.000000

   5.1   2   -43.5109 -219.3983 -0.000000 -0.000000 -0.000000 -0.000000 -0.000001 -0.000001 -0.000002 -0.000003 -0.000006 -0.000012
                                -0.000022 -0.000041 -0.000073 -0.000116 -0.000140 -0.000047  0.000311  0.000788  0.000656 -0.000646
                                -0.001414 -0.001721 -0.000333  0.000027  0.000007  0.000010  0.000020 -0.000005  0.000001 -0.000000
                                 0.001191  0.000543 -0.000005 -0.000014 -0.000046 -0.000140 -0.000440 -0.001401 -0.004468 -0.013776
                                -0.039108 -0.094214 -0.174510 -0.194561  0.013688  0.391694  0.489248  0.196628  0.022429  0.000982
                                -0.000023  0.000010 -0.000015  0.000003 -0.000005  0.000001 -0.002101  0.000000  0.000000  0.000000
                                 0.000000  0.000002  0.000000  0.000011  0.000000  0.000034  0.000000  0.000088  0.000000  0.000181
                                 0.000000  0.000284  0.000000  0.000373  0.000000  0.000099  0.000000 -0.000010  0.000000  0.000005
                                -0.000000 -0.000000  0.000000  0.000009 -0.000000 -0.000006  0.000000 -0.000001 -0.000000 -0.000000
                                -0.000000 -0.000003 -0.000000 -0.000018  0.000000 -0.000058 -0.000000  0.000032  0.000000  0.000014
                                 0.000000 -0.000007  0.000000  0.000003 -0.000000 -0.000002 -0.000000 -0.000002  0.000000 -0.000000
                                -0.000000 -0.000033 -0.000000 -0.000004 -0.000000  0.000006  0.000000 -0.000000 -0.000005  0.000000
                                 0.000000  0.000004 -0.000000 -0.000000 -0.000001  0.000000  0.000000 -0.000000 -0.000000  0.000001
                                -0.000000  0.000000 -0.000000  0.000000 -0.000000 -0.000009 -0.000012 -0.000001  0.000004 -0.000003
                                 0.000014  0.000006  0.000001  0.000001  0.000002 -0.000000  0.000006  0.000008 -0.000001 -0.000000
                                 0.000001  0.000000  0.000000 -0.000005 -0.000000 -0.000000  0.000000 -0.000004  0.000000  0.000001
                                -0.000000  0.000003  0.000000

   6.1   2   -32.0209 -201.9718 -0.000000 -0.000000 -0.000000 -0.000000 -0.000000 -0.000000 -0.000000 -0.000000 -0.000000 -0.000000
                                -0.000000 -0.000000 -0.000000 -0.000000 -0.000000 -0.000000  0.000000  0.000000  0.000000 -0.000000
                                -0.000000  0.000000  0.000000 -0.000000  0.000000  0.000000 -0.000000 -0.000000  0.000000 -0.000000
                                -0.000000 -0.000000 -0.000000 -0.000000 -0.000000 -0.000000 -0.000000 -0.000000 -0.000000 -0.000000
                                -0.000000 -0.000000 -0.000000 -0.000000  0.000000  0.000000  0.000000 -0.000000 -0.000000  0.000000
                                -0.000000  0.000000 -0.000000 -0.000000 -0.000000  0.000000  0.000000 -0.000000  0.000077 -0.000000
                                 0.000614 -0.000000  0.003588 -0.000000  0.016131 -0.000000  0.055348 -0.000000  0.144728 -0.000000
                                 0.273401 -0.000000  0.357187 -0.000000  0.273173 -0.000000  0.094812 -0.000000  0.009536 -0.000000
                                 0.000285  0.000000 -0.000126 -0.000000  0.000019 -0.000000 -0.000013  0.000000  0.000004 -0.000000
                                 0.000002 -0.000000  0.000016 -0.000000  0.000060 -0.000000  0.000105  0.000000  0.000000  0.000000
                                -0.000023  0.000000 -0.000006 -0.000000  0.000001 -0.000000 -0.000000  0.000000 -0.000000 -0.000000
                                -0.000000 -0.000000  0.000029 -0.000000  0.000017  0.000000  0.000000 -0.000018 -0.000000 -0.000000
                                 0.000007  0.000000  0.000000 -0.000002 -0.000000 -0.000000  0.000000  0.000001  0.000000  0.000000
                                -0.000000  0.000000 -0.000000  0.000000 -0.000000 -0.000000 -0.000000 -0.000000  0.000000  0.000000
                                 0.000000  0.000000  0.000000  0.000000  0.000000 -0.000000  0.000000 -0.000000 -0.000000 -0.000000
                                -0.000000  0.000000 -0.000000 -0.000000 -0.000001 -0.000000 -0.000000  0.000000  0.000000 -0.000000
                                 0.000000  0.000000  0.000000

   7.1   2   -32.0199 -201.9840  0.000000  0.000000  0.000000  0.000000  0.000000  0.000000  0.000000  0.000000  0.000000  0.000001
                                 0.000002  0.000003  0.000006  0.000009  0.000011  0.000003 -0.000019 -0.000056 -0.000049 -0.000006
                                 0.000255  0.001734  0.000575 -0.000110  0.000050 -0.000093  0.000046 -0.000028 -0.000015  0.000004
                                -0.001246 -0.000994  0.000000  0.000000  0.000000  0.000000  0.000000  0.000001  0.000004  0.000013
                                 0.000037  0.000090  0.000168  0.000183 -0.000032 -0.000470 -0.000433  0.000041  0.000221 -0.000073
                                 0.000045 -0.000027  0.000047 -0.000027 -0.000010  0.000002 -0.000289  0.000077  0.000000  0.000615
                                 0.000000  0.003588  0.000000  0.016133  0.000000  0.055357  0.000000  0.144751  0.000000  0.273441
                                 0.000000  0.357217  0.000000  0.273094  0.000000  0.094774  0.000000  0.009551  0.000000  0.000289
                                 0.000000 -0.000136 -0.000000  0.000032  0.000000 -0.000024 -0.000000 -0.000002  0.000000  0.000003
                                 0.000000  0.000026  0.000000  0.000100  0.000000  0.000188  0.000000 -0.000032  0.000000 -0.000052
                                -0.000000  0.000000 -0.000000  0.000009  0.000000  0.000006 -0.000000 -0.000008 -0.000000  0.000001
                                -0.000000  0.000074  0.000000  0.000039  0.000000 -0.000023  0.000000 -0.000000  0.000017 -0.000000
                                 0.000000 -0.000002  0.000000 -0.000000 -0.000001 -0.000000  0.000000  0.000000  0.000000  0.000001
                                 0.000000 -0.000000  0.000000 -0.000000  0.000001  0.000013  0.000017  0.000005 -0.000003  0.000010
                                -0.000021 -0.000009  0.000031 -0.000001 -0.000003 -0.000001 -0.000008  0.000002  0.000001  0.000000
                                -0.000007 -0.000001 -0.000000  0.000006 -0.000000  0.000000 -0.000000 -0.000006  0.000000 -0.000001
                                 0.000000 -0.000004  0.000000

   8.1   2   -20.4883  -68.3142 -0.000000 -0.000000 -0.000000  0.000000 -0.000000  0.000000 -0.000000  0.000000 -0.000000  0.000000
                                -0.000001  0.000001 -0.000004  0.000008 -0.000019  0.000040 -0.000092  0.000214 -0.000516  0.001872
                                -0.010361 -0.114854 -0.032939  0.010164 -0.007338  0.007270 -0.003462 -0.014257  0.000877 -0.000106
                                 0.080636  0.069367 -0.000000 -0.000000  0.000000 -0.000000  0.000000 -0.000000  0.000000 -0.000001
                                 0.000001 -0.000005  0.000012 -0.000034  0.000083 -0.000209  0.000560 -0.001989 -0.010468  0.003246
                                -0.002904  0.003417 -0.004556 -0.010436 -0.000172  0.000114  0.010194  0.000000 -0.000000 -0.000000
                                -0.000000  0.000000 -0.000000 -0.000001 -0.000000  0.000003 -0.000000 -0.000007 -0.000000  0.000023
                                -0.000000 -0.000042 -0.000000  0.000086 -0.000000 -0.000151 -0.000000  0.000196 -0.000000 -0.000239
                                -0.000000  0.000203 -0.000000 -0.000747 -0.000000 -0.006661  0.000000 -0.000144 -0.000000 -0.000000
                                -0.000000  0.000001 -0.000000 -0.000005  0.000000  0.000031  0.000000 -0.000541  0.000000 -0.001174
                                -0.000000 -0.001100 -0.000000  0.000757  0.000000 -0.001898 -0.000000 -0.001831  0.000000  0.000383
                                -0.000000  0.000806  0.000000  0.001602  0.000000  0.000017 -0.000000  0.000000 -0.000066  0.000000
                                 0.000000  0.000127 -0.000000  0.000000 -0.000829  0.000000 -0.000000  0.000000 -0.000000  0.000125
                                 0.000742  0.004246  0.020677  0.080051  0.229141  0.401870  0.318961 -0.016740  0.049504  0.018937
                                 0.037430  0.022767  0.007455  0.000021 -0.000136 -0.000444  0.000630 -0.007377 -0.000170 -0.000027
                                -0.002259  0.000030 -0.000000  0.000236  0.000000 -0.000005 -0.000000  0.001550 -0.000000  0.000091
                                 0.000000 -0.000231 -0.000000

   9.1   2   -11.0737 -100.9608 -0.000016 -0.000017 -0.000048 -0.000078 -0.000158 -0.000280 -0.000526 -0.000956 -0.001782 -0.003322
                                -0.006277 -0.011712 -0.020960 -0.033408 -0.040334 -0.013967  0.094383  0.258745  0.230010 -0.246724
                                -0.825177 -0.186696  0.775825  0.692958  0.097563 -0.007348  0.003113 -0.000491  0.000381 -0.000105
                                -0.120608 -0.075399  0.000000  0.000000  0.000000  0.000000  0.000001  0.000002  0.000007  0.000023
                                 0.000066  0.000160  0.000297  0.000344 -0.000100 -0.000904 -0.001599  0.000256  0.002072  0.001298
                                 0.000179 -0.000290  0.000182  0.000099 -0.000004  0.000010  0.000406  0.000000  0.000000  0.000000
                                -0.000000  0.000001 -0.000000  0.000005 -0.000000  0.000018 -0.000000  0.000047 -0.000000  0.000095
                                -0.000000  0.000094 -0.000000  0.000117 -0.000000 -0.000410 -0.000000 -0.000210  0.000000 -0.000116
                                 0.000000 -0.000206  0.000000  0.000067  0.000000  0.000076 -0.000000 -0.000005 -0.000000  0.000001
                                 0.000000  0.000005 -0.000000  0.000017 -0.000000  0.000020  0.000000  0.000144 -0.000000  0.000260
                                -0.000000  0.000064 -0.000000 -0.000058  0.000000  0.000057 -0.000000 -0.000006 -0.000000  0.000004
                                 0.000000 -0.000098  0.000000 -0.000107 -0.000000  0.000018 -0.000000 -0.000000 -0.000046  0.000000
                                 0.000000 -0.000001 -0.000000 -0.000000  0.000012 -0.000000 -0.000000 -0.000000 -0.000000  0.000005
                                -0.000000 -0.000000 -0.000000 -0.000001  0.000002  0.000084  0.000142  0.000114 -0.000073 -0.000215
                                -0.000158 -0.000060 -0.000125 -0.000002 -0.000011  0.000001 -0.000060  0.000174  0.000003  0.000000
                                 0.000024  0.000004 -0.000000  0.000039 -0.000000  0.000000  0.000000 -0.000063 -0.000000 -0.000013
                                 0.000000 -0.000014 -0.000000

  10.1   2    -8.3797  -93.2961  0.000000  0.000000  0.000000  0.000000  0.000000  0.000001  0.000002  0.000003  0.000006  0.000010
                                 0.000020  0.000037  0.000066  0.000105  0.000127  0.000044 -0.000302 -0.000810 -0.000742  0.000836
                                 0.002834  0.001249 -0.002670 -0.002229 -0.000436 -0.000168 -0.000208  0.000201 -0.000037  0.000010
                                -0.001032  0.001136  0.000002  0.000007  0.000021  0.000065  0.000203  0.000646  0.002065  0.006378
                                 0.018219  0.044222  0.083160  0.092175 -0.025373 -0.268926 -0.380473  0.045984  0.568499  0.469721
                                 0.092751  0.000910  0.001135 -0.000260  0.000188 -0.000040  0.005601 -0.000000  0.000000 -0.000000
                                 0.000000 -0.000002  0.000000 -0.000009  0.000000 -0.000029  0.000000 -0.000079  0.000000 -0.000152
                                 0.000000 -0.000220  0.000000 -0.000245  0.000000  0.000395  0.000000  0.000754  0.000000  0.000446
                                 0.000000 -0.000156  0.000000 -0.000109  0.000000  0.000115  0.000000  0.000014 -0.000000  0.000001
                                 0.000000  0.000004  0.000000  0.000024  0.000000  0.000077  0.000000  0.000019 -0.000000  0.000300
                                 0.000000 -0.000195 -0.000000 -0.000174 -0.000000  0.000029 -0.000000  0.000019 -0.000000  0.000003
                                -0.000000 -0.000089  0.000000 -0.000281  0.000000  0.000030  0.000000 -0.000000  0.000046  0.000000
                                -0.000000 -0.000042 -0.000000  0.000000  0.000011  0.000000  0.000000  0.000000 -0.000000 -0.000011
                                -0.000000 -0.000000 -0.000001 -0.000005 -0.000010  0.000041  0.000098  0.000144 -0.000083 -0.000001
                                -0.000132 -0.000045 -0.000096 -0.000004 -0.000028 -0.000027 -0.000204 -0.000033  0.000004  0.000000
                                 0.000006  0.000020  0.000000  0.000131  0.000000  0.000001  0.000000  0.000016 -0.000000 -0.000032
                                -0.000000 -0.000044 -0.000000

  11.1   2    -4.3487  -80.8166 -0.000000 -0.000000 -0.000000 -0.000000 -0.000000 -0.000000 -0.000001 -0.000001 -0.000003 -0.000005
                                -0.000009 -0.000016 -0.000031 -0.000046 -0.000062 -0.000011  0.000112  0.000418  0.000216  0.000119
                                -0.004011 -0.033560 -0.011143  0.007503 -0.002066 -0.001306 -0.002091 -0.000651 -0.000177  0.000006
                                 0.022605  0.021650 -0.000000 -0.000000 -0.000000 -0.000000 -0.000000 -0.000001 -0.000004 -0.000011
                                -0.000032 -0.000079 -0.000147 -0.000168  0.000070  0.000519  0.000823 -0.000998 -0.005231  0.000814
                                -0.000396  0.000540 -0.001099 -0.000116 -0.000277  0.000022  0.003718 -0.000035  0.000000 -0.000279
                                 0.000000 -0.001630  0.000000 -0.007401  0.000000 -0.025569  0.000000 -0.068295  0.000000 -0.127857
                                 0.000000 -0.159311  0.000000 -0.050112  0.000000  0.244244 -0.000000  0.462698 -0.000000  0.345884
                                -0.000000  0.095464 -0.000000  0.004700 -0.000000 -0.000153 -0.000000 -0.000095  0.000000 -0.000000
                                -0.000000 -0.000004 -0.000000 -0.000013 -0.000000  0.000001 -0.000000  0.000497 -0.000000  0.000357
                                -0.000000 -0.000418  0.000000 -0.000443  0.000000 -0.000315  0.000000  0.000061  0.000000 -0.000040
                                 0.000000 -0.000159 -0.000000  0.000171 -0.000000 -0.000095 -0.000000  0.000000 -0.000260  0.000000
                                 0.000000 -0.000423 -0.000000  0.000000 -0.000017 -0.000000  0.000000  0.000000  0.000000  0.000052
                                -0.000001 -0.000003 -0.000014 -0.000055 -0.000179 -0.000508 -0.000635  0.001241  0.000262  0.001489
                                 0.000189  0.000082  0.000956 -0.000020 -0.000235 -0.000796 -0.001615 -0.001312 -0.000034 -0.000012
                                -0.000149  0.000187 -0.000000  0.000606 -0.000000  0.000006 -0.000000  0.000302  0.000000 -0.000124
                                 0.000000 -0.000118 -0.000000

  12.1   2    -4.3481  -80.6754 -0.000000 -0.000000 -0.000000 -0.000000 -0.000000 -0.000000 -0.000000 -0.000000 -0.000000 -0.000000
                                -0.000000 -0.000000 -0.000000 -0.000000 -0.000000 -0.000000  0.000000  0.000000  0.000000  0.000000
                                -0.000000 -0.000000 -0.000000  0.000000 -0.000000 -0.000000 -0.000000 -0.000000 -0.000000  0.000000
                                 0.000000  0.000000 -0.000000 -0.000000 -0.000000 -0.000000 -0.000000 -0.000000 -0.000000 -0.000000
                                -0.000000 -0.000000 -0.000000 -0.000000  0.000000  0.000000  0.000000 -0.000000 -0.000000  0.000000
                                -0.000000  0.000000 -0.000000 -0.000000 -0.000000  0.000000  0.000000 -0.000000 -0.000035 -0.000000
                                -0.000279 -0.000000 -0.001627 -0.000000 -0.007387 -0.000000 -0.025528 -0.000000 -0.068167 -0.000000
                                -0.127657 -0.000000 -0.158988 -0.000000 -0.050285  0.000000  0.243848  0.000000  0.461463  0.000000
                                 0.346127  0.000000  0.097521  0.000000  0.005527 -0.000000  0.000114 -0.000000 -0.000030 -0.000000
                                 0.000001 -0.000000  0.000007 -0.000000  0.000029  0.000000  0.000140  0.000000  0.000496  0.000000
                                 0.000303 -0.000000 -0.000164 -0.000000 -0.000381 -0.000000 -0.000068  0.000000 -0.000001 -0.000000
                                -0.000000 -0.000000  0.000021  0.000000  0.000103 -0.000000  0.000000 -0.000088 -0.000000  0.000000
                                -0.000074 -0.000000 -0.000000 -0.000366 -0.000000 -0.000000 -0.000027 -0.000029 -0.000000  0.000000
                                -0.000000 -0.000000 -0.000000 -0.000000 -0.000000 -0.000000 -0.000000  0.000000  0.000000  0.000000
                                 0.000000  0.000000  0.000000 -0.000000 -0.000000 -0.000000 -0.000000 -0.000000 -0.000000 -0.000000
                                -0.000000  0.000000  0.000005  0.000000  0.000004  0.000000  0.000000  0.000000 -0.000029 -0.000000
                                -0.000016 -0.000000  0.000022

  13.1   2    -1.7838  -43.6410  0.000006  0.000007  0.000019  0.000031  0.000063  0.000111  0.000209  0.000380  0.000708  0.001321
                                 0.002495  0.004660  0.008341  0.013323  0.016094  0.005614 -0.038417 -0.106331 -0.097040  0.109442
                                 0.407103  0.111506 -0.515025 -0.746710  0.081186  0.830468  0.433599  0.003851 -0.009481  0.001892
                                 0.033296  0.035054  0.000000  0.000000  0.000000  0.000000  0.000000  0.000001  0.000003  0.000010
                                 0.000030  0.000072  0.000141  0.000142 -0.000026 -0.000529 -0.000429 -0.000338 -0.001261  0.003149
                                 0.001714 -0.001658 -0.023995 -0.012185 -0.004569  0.000251  0.001733 -0.000000 -0.000000 -0.000001
                                -0.000000 -0.000005 -0.000000 -0.000021 -0.000000 -0.000071 -0.000000 -0.000198 -0.000000 -0.000356
                                -0.000000 -0.000463 -0.000000 -0.000086 -0.000000  0.000953  0.000000  0.001653  0.000000  0.000515
                                 0.000000 -0.001973 -0.000000 -0.010089 -0.000000 -0.007579  0.000000 -0.001691  0.000000 -0.000001
                                -0.000000 -0.000009 -0.000000 -0.000025 -0.000000 -0.000099  0.000000  0.000296 -0.000000  0.000624
                                -0.000000  0.000274 -0.000000 -0.000216  0.000000 -0.003142  0.000000 -0.001263 -0.000000 -0.000128
                                 0.000000 -0.000602  0.000000 -0.000725  0.000000 -0.000010 -0.000000  0.000000 -0.000176  0.000000
                                 0.000000  0.000859  0.000000  0.000000 -0.000185  0.000000 -0.000000  0.000000 -0.000000  0.000426
                                -0.000018 -0.000102 -0.000505 -0.001994 -0.006260 -0.015056 -0.018223  0.055331  0.014690  0.043932
                                 0.000471  0.000588  0.019347 -0.000453 -0.004596 -0.014045 -0.025688 -0.019468 -0.000363 -0.000181
                                -0.003283  0.001476  0.000000  0.006189  0.000000  0.000071  0.000000  0.002847 -0.000000 -0.000880
                                 0.000000 -0.001168 -0.000000

  14.1   2    -1.2475  -29.7367 -0.000001 -0.000001 -0.000003 -0.000005 -0.000009 -0.000017 -0.000031 -0.000057 -0.000106 -0.000197
                                -0.000375 -0.000695 -0.001255 -0.001981 -0.002443 -0.000771  0.005598  0.016328  0.013640 -0.012961
                                -0.082193 -0.263164 -0.002190  0.150627 -0.047770 -0.101079 -0.107105 -0.071063 -0.011270  0.000878
                                 0.164168  0.152007 -0.000000 -0.000001 -0.000004 -0.000012 -0.000039 -0.000124 -0.000398 -0.001229
                                -0.003515 -0.008542 -0.016114 -0.017828  0.005661  0.055958  0.081085 -0.024256 -0.178288 -0.150631
                                 0.080888  0.299409  0.167811 -0.016831 -0.017959  0.002387  0.014084  0.000001 -0.000000  0.000010
                                 0.000000  0.000060  0.000000  0.000262  0.000000  0.000941  0.000000  0.002422  0.000000  0.004760
                                 0.000000  0.005434  0.000000  0.002097  0.000000 -0.011512 -0.000000 -0.016540 -0.000000 -0.016788
                                -0.000000  0.019701  0.000000  0.027122  0.000000 -0.019445 -0.000000 -0.005350  0.000000  0.000017
                                 0.000000  0.000137  0.000000  0.000566  0.000000  0.001581 -0.000000  0.003277  0.000000  0.004712
                                 0.000000  0.006153  0.000000  0.015353 -0.000000  0.000794 -0.000000 -0.005670  0.000000  0.000491
                                 0.000000 -0.000128 -0.000000 -0.000217 -0.000000  0.000187 -0.000000 -0.000000  0.000386  0.000000
                                -0.000000  0.005148 -0.000000 -0.000000 -0.000473  0.000000 -0.000000  0.000000 -0.000000  0.001093
                                -0.000128 -0.000733 -0.003623 -0.014283 -0.045104 -0.111670 -0.138626  0.423972  0.118322  0.326150
                                 0.008973  0.006192  0.081832 -0.001228 -0.012177 -0.036567 -0.069233 -0.069400 -0.000830 -0.000455
                                -0.014946  0.002653  0.000000  0.014621  0.000000  0.000146  0.000000  0.009804  0.000000 -0.001708
                                 0.000000 -0.002737 -0.000000

  15.1   2    -0.9138  -32.8021  0.000001  0.000001  0.000002  0.000003  0.000007  0.000012  0.000023  0.000041  0.000076  0.000143
                                 0.000269  0.000504  0.000899  0.001442  0.001731  0.000622 -0.004191 -0.011436 -0.010731  0.012665
                                 0.040671 -0.033715 -0.072368 -0.085419  0.014650  0.133351  0.021803 -0.018491  0.004924 -0.001488
                                 0.036234  0.031400 -0.000001 -0.000002 -0.000006 -0.000020 -0.000061 -0.000195 -0.000625 -0.001929
                                -0.005526 -0.013410 -0.025359 -0.027924  0.008720  0.088835  0.126322 -0.032852 -0.246403 -0.259091
                                 0.172086  0.469178  0.332479  0.057159 -0.010174  0.002313 -0.013879 -0.000001 -0.000000 -0.000010
                                 0.000000 -0.000062 -0.000000 -0.000277 -0.000000 -0.000972  0.000000 -0.002566 -0.000000 -0.004884
                                 0.000000 -0.005865 -0.000000 -0.001554  0.000000  0.011358 -0.000000  0.019473  0.000000  0.015409
                                -0.000000 -0.022125  0.000000 -0.063611  0.000000 -0.023898  0.000000 -0.002342  0.000000 -0.000028
                                -0.000000 -0.000232 -0.000000 -0.000953 -0.000000 -0.002728 -0.000000 -0.004817 -0.000000 -0.006955
                                -0.000000 -0.007395 -0.000000 -0.014881 -0.000000 -0.008577  0.000000 -0.000314 -0.000000 -0.001164
                                 0.000000 -0.000563  0.000000 -0.000969  0.000000 -0.000067  0.000000  0.000000  0.000174 -0.000000
                                -0.000000 -0.001654 -0.000000  0.000000 -0.000352 -0.000000 -0.000000 -0.000000 -0.000000 -0.000376
                                 0.000099  0.000566  0.002798  0.011021  0.034956  0.088483  0.111632 -0.340931 -0.098182 -0.284544
                                -0.010424 -0.006043 -0.030041 -0.001390 -0.015791 -0.054097 -0.079711 -0.028604 -0.001779 -0.000713
                                 0.002601  0.002620 -0.000000  0.005851 -0.000000  0.000100 -0.000000 -0.000988  0.000000 -0.000907
                                -0.000000 -0.001155  0.000000

  16.1   2    -0.3980  -25.4634  0.000001  0.000001  0.000002  0.000004  0.000008  0.000014  0.000026  0.000047  0.000087  0.000162
                                 0.000309  0.000571  0.001035  0.001626  0.002021  0.000613 -0.004567 -0.013599 -0.011001  0.009733
                                 0.074699  0.285912  0.018143 -0.142795  0.060643  0.118085  0.096486  0.039946  0.028529 -0.007093
                                -0.182947 -0.167361 -0.000000 -0.000001 -0.000002 -0.000006 -0.000018 -0.000058 -0.000188 -0.000577
                                -0.001660 -0.004005 -0.007638 -0.008272  0.002400  0.027415  0.036422 -0.004053 -0.040146 -0.094847
                                 0.083951  0.126871  0.161577  0.092652  0.023966 -0.002695 -0.038612 -0.000005 -0.000000 -0.000040
                                -0.000000 -0.000237 -0.000000 -0.001063 -0.000000 -0.003720 -0.000000 -0.009841 -0.000000 -0.018687
                                -0.000000 -0.022553 -0.000000 -0.005926 -0.000000  0.044045  0.000000  0.075495  0.000000  0.057178
                                 0.000000 -0.093153  0.000000 -0.226174 -0.000000 -0.115590 -0.000000 -0.013460  0.000000 -0.000124
                                -0.000000 -0.001013 -0.000000 -0.004150 -0.000000 -0.011888 -0.000000 -0.020848  0.000000 -0.029203
                                 0.000000 -0.036441  0.000000 -0.056205 -0.000000 -0.034207 -0.000000 -0.006598 -0.000000 -0.001946
                                 0.000000 -0.003069 -0.000000 -0.003829 -0.000000 -0.000336 -0.000000 -0.000000 -0.000733 -0.000000
                                -0.000000 -0.008584  0.000000 -0.000000 -0.005253 -0.000000  0.000000  0.000000  0.000000 -0.001564
                                -0.000009 -0.000051 -0.000259 -0.000988 -0.003426 -0.012789 -0.018751  0.032332  0.016179  0.052035
                                 0.009466  0.003580 -0.000195  0.007000  0.075371  0.247842  0.396718  0.330371  0.006915  0.003097
                                 0.066765 -0.004142  0.000000 -0.020640  0.000000 -0.000199  0.000000 -0.022429 -0.000000  0.002409
                                 0.000000  0.005033 -0.000000

  17.1   +    -0.1897  -15.1190 -0.000002 -0.000002 -0.000005 -0.000008 -0.000016 -0.000028 -0.000052 -0.000095 -0.000177 -0.000330
                                -0.000626 -0.001163 -0.002095 -0.003318 -0.004067 -0.001325  0.009461  0.027172  0.023436 -0.023882
                                -0.128058 -0.298303  0.055686  0.251565 -0.073052 -0.262224 -0.373706  0.187474  0.727845  0.223499
                                 0.178023  0.159166 -0.000000 -0.000000 -0.000001 -0.000003 -0.000009 -0.000028 -0.000091 -0.000280
                                -0.000803 -0.001947 -0.003688 -0.004050  0.001268  0.013036  0.018389 -0.004799 -0.036098 -0.040319
                                 0.029991  0.083329  0.098827 -0.057602 -0.269002 -0.104986 -0.002994 -0.000001  0.000000 -0.000009
                                 0.000000 -0.000051  0.000000 -0.000230  0.000000 -0.000798  0.000000 -0.002134  0.000000 -0.003999
                                 0.000000 -0.004937  0.000000 -0.001095  0.000000  0.009193 -0.000000  0.017040 -0.000000  0.011093
                                -0.000000 -0.018866  0.000000 -0.050182  0.000000 -0.070945  0.000000 -0.020458  0.000000 -0.000004
                                -0.000000 -0.000032 -0.000000 -0.000126 -0.000000 -0.000397 -0.000000 -0.000205 -0.000000 -0.000037
                                -0.000000 -0.000145 -0.000000 -0.001947 -0.000000  0.003198 -0.000000  0.014904 -0.000000  0.007775
                                -0.000000 -0.000723 -0.000000 -0.001346 -0.000000  0.000008  0.000000 -0.000000  0.000019 -0.000000
                                 0.000000  0.000282 -0.000000 -0.000000  0.003088 -0.000000 -0.000000 -0.000000  0.000000 -0.000134
                                 0.000006  0.000035  0.000175  0.000681  0.002216  0.006349  0.008453 -0.022578 -0.007336 -0.029178
                                -0.002096 -0.000914 -0.034641 -0.000182 -0.001941 -0.006338 -0.010001 -0.004374 -0.000172 -0.000078
                                 0.005511 -0.000580  0.000000 -0.002207 -0.000000 -0.000029 -0.000000 -0.002860  0.000000  0.000323
                                -0.000000  0.000425  0.000000

  18.1   0     0.0306   -9.8535 -0.000001 -0.000001 -0.000002 -0.000003 -0.000006 -0.000011 -0.000021 -0.000038 -0.000071 -0.000134
                                -0.000247 -0.000478 -0.000817 -0.001394 -0.001500 -0.000825  0.004475  0.009361  0.013282 -0.024005
                                 0.031192  0.853399  0.329798 -0.005749  0.062836 -0.212651  0.073474 -1.276385 -1.335899  0.457383
                                -0.600038 -0.549148  0.000000  0.000000  0.000001  0.000003  0.000009  0.000030  0.000097  0.000291
                                 0.000861  0.002013  0.004006  0.003971 -0.000573 -0.015736 -0.013958 -0.015660 -0.080618  0.084529
                                -0.085542  0.016226 -0.237542 -0.518224 -1.703029  1.477362  0.116320 -0.000001  0.000000 -0.000005
                                 0.000000 -0.000032  0.000000 -0.000141  0.000000 -0.000496  0.000000 -0.001307  0.000000 -0.002492
                                 0.000000 -0.002993  0.000000 -0.000817  0.000000  0.005843 -0.000000  0.010231 -0.000000  0.006522
                                -0.000000 -0.007434  0.000000 -0.039712  0.000000 -0.395649  0.000000 -0.745419  0.000000  0.000038
                                -0.000000  0.000296 -0.000000  0.001259 -0.000000  0.003410 -0.000000  0.008691 -0.000000  0.013782
                                -0.000000  0.015369 -0.000000  0.010830 -0.000000 -0.032017 -0.000000 -0.148942 -0.000000 -0.005221
                                -0.000000 -0.002731  0.000000 -0.005731  0.000000 -0.000064 -0.000000 -0.000000  0.000949 -0.000000
                                 0.000000 -0.001673 -0.000000 -0.000000 -0.030226 -0.000000 -0.000000 -0.000000 -0.000000 -0.000667
                                 0.000003  0.000019  0.000078  0.000417  0.000476 -0.010987 -0.020942 -0.069904  0.012377  0.268126
                                 0.025367  0.008995  2.580819 -0.000909 -0.011606 -0.043526 -0.052230 -0.353023 -0.001710 -0.000600
                                -0.838594 -0.001868  0.000000  0.004813  0.000000 -0.000007  0.000000  0.066230  0.000000  0.000535
                                -0.000000 -0.006041 -0.000000

  19.1   0     0.0446  -18.2022  0.000000  0.000000  0.000000  0.000000  0.000000  0.000000  0.000000  0.000000  0.000000  0.000000
                                 0.000000  0.000000  0.000000  0.000000  0.000000  0.000000 -0.000000 -0.000000 -0.000000  0.000000
                                -0.000000 -0.000000 -0.000000  0.000000 -0.000000  0.000000 -0.000000  0.000000 -0.000000  0.000000
                                 0.000000  0.000000  0.000000  0.000000  0.000000  0.000000  0.000000  0.000000  0.000000  0.000000
                                 0.000000  0.000000  0.000000  0.000000 -0.000000 -0.000000 -0.000000  0.000000  0.000000 -0.000000
                                 0.000000 -0.000000  0.000000 -0.000000 -0.000000 -0.000000 -0.000000  0.000000  0.000006  0.000000
                                 0.000046  0.000000  0.000261  0.000000  0.001206  0.000000  0.004100  0.000000  0.011175  0.000000
                                 0.020438  0.000000  0.026266 -0.000000  0.004446 -0.000000 -0.045223 -0.000000 -0.092649  0.000000
                                -0.049086 -0.000000  0.081007  0.000000  0.290694 -0.000000  0.262039 -0.000000  0.616127  0.000000
                                -0.000023  0.000000 -0.000181  0.000000 -0.000766  0.000000 -0.002091  0.000000 -0.005182  0.000000
                                -0.007722  0.000000 -0.008172  0.000000 -0.006592 -0.000000 -0.017961 -0.000000 -0.034832  0.000000
                                -0.078525 -0.000000  0.001381 -0.000000  0.002339 -0.000000  0.000000 -0.000075  0.000000  0.000000
                                 0.000179 -0.000000 -0.000000 -0.001895 -0.000000 -0.000000 -0.015244 -0.000012 -0.000000 -0.000000
                                -0.000000 -0.000000 -0.000000 -0.000000 -0.000000 -0.000000 -0.000000 -0.000000  0.000000  0.000000
                                 0.000000  0.000000  0.000000  0.000000  0.000000 -0.000000  0.000000 -0.000000 -0.000000 -0.000000
                                -0.000000  0.000000  0.000909  0.000000  0.005951  0.000000  0.000064  0.000000  0.000257 -0.000000
                                -0.000379 -0.000000 -0.001144

                                   1 2px     1 2px     1 2px     1 2px     1 2px     1 2px     1 2px     1 2px     1 2px     1 2px  
                                   1 2px     1 2px     1 2px     1 2px     1 2px     1 2px     1 2px     1 2px     1 2px     1 2px  
                                   1 2px     1 2px     1 2px     1 2px     1 2px     1 3d1+    1 3d1+    1 3d1+    1 3d1+    1 3d1+ 
                                   1 3d1+    1 3d1+    1 3d1+    1 3d1+    1 3d1+    1 3d1+    1 3d1+    1 3d1+    1 3d1+    1 3d1+ 
                                   1 3d1+    1 4f1+    1 4f3+    1 4f1+    1 4f3+    1 4f1+    1 4f3+    1 4f1+    1 4f3+    1 4f1+ 
                                   1 4f3+    1 4f1+    1 4f3+    1 4f1+    1 4f3+    1 4f1+    1 4f3+    1 4f1+    1 4f3+    1 4f1+ 
                                   1 4f3+    1 4f1+    1 4f3+    1 4f1+    1 4f3+    1 4f1+    1 4f3+    1 5g1+    1 5g3+    1 5g1+ 
                                   1 5g3+    1 5g1+    1 5g3+    1 5g1+    1 5g3+    1 6h1+    1 6h3+    1 6h5+    2 2px     2 2px  
                                   2 2px     2 2px     2 2px     2 2px     2 2px     2 2px     2 3d1+    2 3d1+    2 3d1+    2 3d1+ 
                                   2 4f1+    2 4f3+    2 4f1+    2 4f3+ 

   1.2   2  -208.5728 -624.0595  0.000010  0.000030  0.000095  0.000292  0.000914  0.002899  0.009175  0.027935  0.077317  0.178969
                                 0.313161  0.349526  0.193419  0.037444  0.001995 -0.000542 -0.001566  0.000168 -0.000077  0.000036
                                -0.000015  0.000006 -0.000004  0.000001  0.001688  0.000000  0.000000  0.000000  0.000000  0.000003
                                 0.000009  0.000008  0.000004  0.000000 -0.000000  0.000000  0.000000  0.000000 -0.000000 -0.000001
                                -0.000000 -0.000001 -0.000000 -0.000001  0.000000 -0.000001 -0.000000  0.000001  0.000000 -0.000002
                                -0.000000 -0.000002 -0.000000 -0.000001 -0.000000  0.000000  0.000000 -0.000000 -0.000000 -0.000000
                                 0.000000 -0.000000 -0.000000  0.000003  0.000000  0.000002  0.000000 -0.000000 -0.000000 -0.000000
                                 0.000000 -0.000000 -0.000000 -0.000000  0.000000 -0.000000 -0.000000  0.000000 -0.000000 -0.000000
                                 0.000000  0.000000  0.000001  0.000000  0.000000  0.000001 -0.000000  0.000000  0.000000 -0.000001
                                -0.000000  0.000000  0.000000 -0.000000

   2.2   2   -43.5147 -219.3919 -0.000005 -0.000014 -0.000046 -0.000140 -0.000440 -0.001401 -0.004468 -0.013776 -0.039108 -0.094212
                                -0.174507 -0.194558  0.013689  0.391655  0.489251  0.196711  0.022525  0.000951 -0.000008  0.000004
                                -0.000020  0.000009 -0.000005  0.000001 -0.002236  0.000000  0.000000  0.000002  0.000010  0.000031
                                 0.000080  0.000164  0.000246  0.000275  0.000080 -0.000002 -0.000001 -0.000003  0.000000 -0.000001
                                -0.000000 -0.000000 -0.000000 -0.000003  0.000000 -0.000009 -0.000000 -0.000032  0.000000 -0.000009
                                -0.000000  0.000004 -0.000000  0.000003 -0.000000  0.000002  0.000000  0.000001 -0.000000 -0.000000
                                 0.000000 -0.000000 -0.000000 -0.000004  0.000000 -0.000003  0.000000  0.000011 -0.000000 -0.000001
                                -0.000000  0.000002 -0.000000 -0.000000 -0.000000 -0.000000  0.000000 -0.000000 -0.000000 -0.000000
                                -0.000001 -0.000001 -0.000001  0.000000 -0.000000  0.000001 -0.000000  0.000000  0.000000  0.000000
                                -0.000000 -0.000000 -0.000000  0.000000

   3.2   2   -32.0195 -201.9788  0.000000  0.000000  0.000000  0.000000  0.000000  0.000001  0.000003  0.000010  0.000029  0.000069
                                 0.000129  0.000141 -0.000016 -0.000334 -0.000352 -0.000062  0.000032 -0.000009  0.000013  0.000001
                                 0.000005 -0.000000  0.000004  0.000000 -0.000089  0.000077  0.000614  0.003588  0.016132  0.055352
                                 0.144737  0.273418  0.357206  0.273147  0.094777  0.009540  0.000288 -0.000123  0.000022 -0.000012
                                 0.000007  0.000002  0.000000  0.000021 -0.000000  0.000083  0.000000  0.000161 -0.000000 -0.000005
                                 0.000000 -0.000035  0.000000 -0.000006  0.000000  0.000004 -0.000000  0.000002  0.000000  0.000000
                                -0.000000  0.000001  0.000000  0.000053 -0.000000  0.000030 -0.000000 -0.000027  0.000000  0.000012
                                -0.000000 -0.000003  0.000000  0.000001 -0.000000  0.000001 -0.000000  0.000000  0.000000  0.000001
                                 0.000003  0.000003  0.000002  0.000000  0.000000 -0.000006 -0.000000 -0.000001 -0.000000  0.000002
                                 0.000000 -0.000000 -0.000000  0.000000

   4.2   2    -8.3843  -93.2337  0.000002  0.000007  0.000021  0.000065  0.000203  0.000646  0.002064  0.006376  0.018215  0.044211
                                 0.083142  0.092153 -0.025364 -0.268844 -0.380402  0.045680  0.567498  0.468931  0.093419  0.001348
                                 0.001238 -0.000399  0.000198 -0.000051  0.006879 -0.000000 -0.000000 -0.000002 -0.000011 -0.000036
                                -0.000095 -0.000188 -0.000248 -0.000198  0.000590  0.000724  0.000220 -0.000108 -0.000050  0.000024
                                 0.000014  0.000000 -0.000000  0.000000  0.000000  0.000005 -0.000000  0.000003  0.000000 -0.000195
                                -0.000000 -0.000066  0.000000 -0.000187  0.000000 -0.000096 -0.000000 -0.000014  0.000000  0.000006
                                -0.000000  0.000004  0.000000  0.000049  0.000000  0.000099 -0.000000  0.000075 -0.000000  0.000078
                                -0.000000 -0.000087  0.000000 -0.000005  0.000000 -0.000029 -0.000000  0.000000  0.000001  0.000008
                                 0.000013  0.000028  0.000009 -0.000001 -0.000000 -0.000025  0.000001 -0.000023 -0.000000  0.000014
                                 0.000009  0.000000  0.000013 -0.000000

   5.2   2    -4.3462  -80.7468 -0.000000 -0.000000 -0.000000 -0.000000 -0.000000 -0.000001 -0.000002 -0.000007 -0.000021 -0.000050
                                -0.000095 -0.000105  0.000032  0.000330  0.000449 -0.000304 -0.001699 -0.000493  0.000019 -0.000182
                                -0.000018  0.000039 -0.000026  0.000001  0.001133 -0.000035 -0.000279 -0.001628 -0.007391 -0.025540
                                -0.068205 -0.127720 -0.159080 -0.050215  0.243933  0.461733  0.346553  0.096473  0.005165  0.000098
                                -0.000063  0.000001 -0.000000  0.000010  0.000000  0.000039 -0.000000  0.000180  0.000000  0.000601
                                -0.000000  0.000367 -0.000000 -0.000467 -0.000000 -0.000726  0.000000 -0.000215 -0.000000  0.000008
                                 0.000000 -0.000018 -0.000000  0.000136  0.000000  0.000503  0.000000 -0.000123  0.000000 -0.000256
                                 0.000000 -0.000519 -0.000000 -0.000031  0.000000  0.000000 -0.000000 -0.000000  0.000007  0.000074
                                 0.000220  0.000419  0.000200  0.000005  0.000003  0.000055 -0.000057 -0.000200 -0.000002 -0.000052
                                 0.000067 -0.000000  0.000070  0.000000

   6.2   2    -1.0226  -38.2143 -0.000001 -0.000002 -0.000008 -0.000024 -0.000075 -0.000238 -0.000761 -0.002350 -0.006729 -0.016333
                                -0.030870 -0.034031  0.010667  0.107869  0.154140 -0.041398 -0.310580 -0.307149  0.193123  0.566411
                                 0.397931  0.059988 -0.008536  0.002292 -0.005932 -0.000000 -0.000001 -0.000006 -0.000030 -0.000101
                                -0.000275 -0.000499 -0.000638 -0.000055  0.000932  0.002218  0.001881 -0.001149 -0.014681 -0.010833
                                -0.000732 -0.000007  0.000000 -0.000059 -0.000000 -0.000244  0.000000 -0.000681 -0.000000 -0.001227
                                 0.000000 -0.001940  0.000000 -0.002144  0.000000 -0.005435 -0.000000 -0.007627 -0.000000 -0.002112
                                -0.000000  0.000075  0.000000 -0.000020 -0.000000  0.000026 -0.000000 -0.000041 -0.000000  0.000019
                                -0.000000 -0.000239 -0.000000 -0.001736 -0.000000  0.000118  0.000000  0.000000  0.000522  0.005607
                                 0.018332  0.029631  0.022977  0.000526  0.000234  0.002096 -0.001319 -0.005025 -0.000062 -0.003789
                                 0.000829 -0.000000  0.001082  0.000000

   7.2   2    -0.4141  -22.8767  0.000000  0.000000  0.000001  0.000003  0.000010  0.000031  0.000101  0.000310  0.000891  0.002151
                                 0.004097  0.004448 -0.001305 -0.014650 -0.019656  0.002579  0.024025  0.049188 -0.039109 -0.076924
                                -0.077159 -0.022701  0.003078 -0.006190  0.018188  0.000003  0.000023  0.000136  0.000612  0.002139
                                 0.005662  0.010744  0.012986  0.003424 -0.025136 -0.043482 -0.032143  0.048612  0.126453  0.072483
                                 0.006932  0.000075 -0.000000  0.000632  0.000000  0.002524 -0.000000  0.007518  0.000000  0.009391
                                -0.000000  0.010892 -0.000000  0.016060 -0.000000  0.041687  0.000000  0.019134 -0.000000  0.002087
                                 0.000000 -0.000564 -0.000000  0.007021  0.000000  0.012050  0.000000  0.000358 -0.000000  0.000031
                                -0.000000  0.008444 -0.000000 -0.003068 -0.000000  0.002117 -0.000000 -0.000000  0.006921  0.074967
                                 0.248326  0.392647  0.373664  0.007083  0.003121  0.075817 -0.003595 -0.023861 -0.000229 -0.044323
                                 0.001391 -0.000000  0.010852 -0.000000

   8.2   0     0.0040  -10.7475 -0.000000 -0.000000 -0.000001 -0.000004 -0.000013 -0.000040 -0.000130 -0.000396 -0.001154 -0.002745
                                -0.005334 -0.005560  0.001273  0.019941  0.022418  0.007592  0.030499 -0.085298  0.075189  0.068556
                                 0.194634 -0.219199  0.056645 -0.918406 -0.082633  0.000001  0.000010  0.000057  0.000268  0.000902
                                 0.002482  0.004486  0.005881  0.000842 -0.009721 -0.020951 -0.009906  0.016604  0.061780  0.024584
                                 0.259657 -0.000007 -0.000000 -0.000047 -0.000000 -0.000239 -0.000000 -0.000478 -0.000000 -0.003512
                                 0.000000 -0.006108  0.000000 -0.005250  0.000000 -0.000229 -0.000000 -0.014593  0.000000 -0.006989
                                -0.000000  0.020859  0.000000  0.003382 -0.000000  0.005532 -0.000000 -0.000065  0.000000  0.000170
                                -0.000000 -0.001355  0.000000 -0.013271 -0.000000 -0.000174  0.000000  0.000000 -0.000210 -0.001953
                                -0.005589 -0.011133  0.010130 -0.000066 -0.000058  0.001241 -0.001003  0.000549 -0.000016 -0.022607
                                -0.000039 -0.000000  0.001540  0.000000

   9.2   0     0.0806  -11.9640 -0.000000 -0.000000 -0.000001 -0.000003 -0.000010 -0.000034 -0.000103 -0.000340 -0.000899 -0.002401
                                -0.003973 -0.005635  0.003737  0.009375  0.037683 -0.066342 -0.388119  0.074746 -0.101501  0.303402
                                -0.205044  0.721551 -1.810567  1.462521  0.325933  0.000003  0.000024  0.000134  0.000628  0.002107
                                 0.005827  0.010464  0.013854  0.001749 -0.022446 -0.049884 -0.022062  0.037987  0.158403  0.143273
                                 0.546279 -0.000068  0.000000 -0.000538 -0.000000 -0.002282  0.000000 -0.006202 -0.000000 -0.015335
                                 0.000000 -0.023070 -0.000000 -0.024404 -0.000000 -0.021376  0.000000 -0.034726 -0.000000  0.005648
                                 0.000000 -0.216652 -0.000000  0.004179 -0.000000  0.006902  0.000000 -0.000160 -0.000000  0.000045
                                -0.000000 -0.003230  0.000000 -0.004180 -0.000000 -0.000181  0.000000  0.000000 -0.001159 -0.014136
                                -0.051298 -0.071053 -0.128744 -0.001878 -0.000691 -0.087770 -0.000562 -0.002690 -0.000033  0.022076
                                 0.000303 -0.000000 -0.001836  0.000000

                                   1 2py     1 2py     1 2py     1 2py     1 2py     1 2py     1 2py     1 2py     1 2py     1 2py  
                                   1 2py     1 2py     1 2py     1 2py     1 2py     1 2py     1 2py     1 2py     1 2py     1 2py  
                                   1 2py     1 2py     1 2py     1 2py     1 2py     1 3d1-    1 3d1-    1 3d1-    1 3d1-    1 3d1- 
                                   1 3d1-    1 3d1-    1 3d1-    1 3d1-    1 3d1-    1 3d1-    1 3d1-    1 3d1-    1 3d1-    1 3d1- 
                                   1 3d1-    1 4f1-    1 4f3-    1 4f1-    1 4f3-    1 4f1-    1 4f3-    1 4f1-    1 4f3-    1 4f1- 
                                   1 4f3-    1 4f1-    1 4f3-    1 4f1-    1 4f3-    1 4f1-    1 4f3-    1 4f1-    1 4f3-    1 4f1- 
                                   1 4f3-    1 4f1-    1 4f3-    1 4f1-    1 4f3-    1 4f1-    1 4f3-    1 5g1-    1 5g3-    1 5g1- 
                                   1 5g3-    1 5g1-    1 5g3-    1 5g1-    1 5g3-    1 6h1-    1 6h3-    1 6h5-    2 2py     2 2py  
                                   2 2py     2 2py     2 2py     2 2py     2 2py     2 2py     2 3d1-    2 3d1-    2 3d1-    2 3d1- 
                                   2 4f1-    2 4f3-    2 4f1-    2 4f3- 

   1.3   2  -208.5728 -624.0595  0.000010  0.000030  0.000095  0.000292  0.000914  0.002899  0.009175  0.027935  0.077317  0.178969
                                 0.313161  0.349526  0.193419  0.037444  0.001995 -0.000542 -0.001566  0.000168 -0.000077  0.000036
                                -0.000015  0.000006 -0.000004  0.000001  0.001688  0.000000  0.000000  0.000000  0.000000  0.000003
                                 0.000009  0.000008  0.000004  0.000000 -0.000000  0.000000  0.000000  0.000000 -0.000000 -0.000001
                                -0.000000 -0.000001  0.000000 -0.000001 -0.000000 -0.000001  0.000000  0.000001 -0.000000 -0.000002
                                 0.000000 -0.000002  0.000000 -0.000001  0.000000  0.000000 -0.000000 -0.000000  0.000000 -0.000000
                                -0.000000 -0.000000  0.000000  0.000003 -0.000000  0.000002 -0.000000 -0.000000  0.000000 -0.000000
                                -0.000000 -0.000000  0.000000 -0.000000 -0.000000 -0.000000  0.000000  0.000000 -0.000000 -0.000000
                                 0.000000  0.000000  0.000001  0.000000  0.000000  0.000001 -0.000000  0.000000  0.000000 -0.000001
                                -0.000000 -0.000000  0.000000  0.000000

   2.3   2   -43.5147 -219.3919 -0.000005 -0.000014 -0.000046 -0.000140 -0.000440 -0.001401 -0.004468 -0.013776 -0.039108 -0.094212
                                -0.174507 -0.194558  0.013689  0.391655  0.489251  0.196711  0.022525  0.000951 -0.000008  0.000004
                                -0.000020  0.000009 -0.000005  0.000001 -0.002236  0.000000  0.000000  0.000002  0.000010  0.000031
                                 0.000080  0.000164  0.000246  0.000275  0.000080 -0.000002 -0.000001 -0.000003  0.000000 -0.000001
                                -0.000000 -0.000000  0.000000 -0.000003 -0.000000 -0.000009  0.000000 -0.000032 -0.000000 -0.000009
                                 0.000000  0.000004  0.000000  0.000003  0.000000  0.000002 -0.000000  0.000001  0.000000 -0.000000
                                -0.000000 -0.000000  0.000000 -0.000004 -0.000000 -0.000003 -0.000000  0.000011 -0.000000 -0.000001
                                 0.000000  0.000002  0.000000 -0.000000  0.000000 -0.000000 -0.000000 -0.000000 -0.000000 -0.000000
                                -0.000001 -0.000001 -0.000001  0.000000 -0.000000  0.000001 -0.000000  0.000000  0.000000  0.000000
                                -0.000000  0.000000 -0.000000 -0.000000

   3.3   2   -32.0195 -201.9788  0.000000  0.000000  0.000000  0.000000  0.000000  0.000001  0.000003  0.000010  0.000029  0.000069
                                 0.000129  0.000141 -0.000016 -0.000334 -0.000352 -0.000062  0.000032 -0.000009  0.000013  0.000001
                                 0.000005 -0.000000  0.000004  0.000000 -0.000089  0.000077  0.000614  0.003588  0.016132  0.055352
                                 0.144737  0.273418  0.357206  0.273147  0.094777  0.009540  0.000288 -0.000123  0.000022 -0.000012
                                 0.000007  0.000002 -0.000000  0.000021  0.000000  0.000083 -0.000000  0.000161  0.000000 -0.000005
                                -0.000000 -0.000035 -0.000000 -0.000006 -0.000000  0.000004  0.000000  0.000002 -0.000000  0.000000
                                 0.000000  0.000001 -0.000000  0.000053  0.000000  0.000030  0.000000 -0.000027 -0.000000  0.000012
                                 0.000000 -0.000003 -0.000000  0.000001  0.000000  0.000001  0.000000  0.000000  0.000000  0.000001
                                 0.000003  0.000003  0.000002  0.000000  0.000000 -0.000006 -0.000000 -0.000001 -0.000000  0.000002
                                 0.000000  0.000000 -0.000000 -0.000000

   4.3   2    -8.3843  -93.2337  0.000002  0.000007  0.000021  0.000065  0.000203  0.000646  0.002064  0.006376  0.018215  0.044211
                                 0.083142  0.092153 -0.025364 -0.268844 -0.380402  0.045680  0.567498  0.468931  0.093419  0.001348
                                 0.001238 -0.000399  0.000198 -0.000051  0.006879 -0.000000 -0.000000 -0.000002 -0.000011 -0.000036
                                -0.000095 -0.000188 -0.000248 -0.000198  0.000590  0.000724  0.000220 -0.000108 -0.000050  0.000024
                                 0.000014  0.000000  0.000000  0.000000 -0.000000  0.000005  0.000000  0.000003 -0.000000 -0.000195
                                 0.000000 -0.000066 -0.000000 -0.000187 -0.000000 -0.000096  0.000000 -0.000014 -0.000000  0.000006
                                 0.000000  0.000004 -0.000000  0.000049 -0.000000  0.000099  0.000000  0.000075 -0.000000  0.000078
                                -0.000000 -0.000087  0.000000 -0.000005 -0.000000 -0.000029  0.000000  0.000000  0.000001  0.000008
                                 0.000013  0.000028  0.000009 -0.000001 -0.000000 -0.000025  0.000001 -0.000023 -0.000000  0.000014
                                 0.000009 -0.000000  0.000013  0.000000

   5.3   2    -4.3462  -80.7468 -0.000000 -0.000000 -0.000000 -0.000000 -0.000000 -0.000001 -0.000002 -0.000007 -0.000021 -0.000050
                                -0.000095 -0.000105  0.000032  0.000330  0.000449 -0.000304 -0.001699 -0.000493  0.000019 -0.000182
                                -0.000018  0.000039 -0.000026  0.000001  0.001133 -0.000035 -0.000279 -0.001628 -0.007391 -0.025540
                                -0.068205 -0.127720 -0.159080 -0.050215  0.243933  0.461733  0.346553  0.096473  0.005165  0.000098
                                -0.000063  0.000001  0.000000  0.000010 -0.000000  0.000039  0.000000  0.000180 -0.000000  0.000601
                                 0.000000  0.000367  0.000000 -0.000467  0.000000 -0.000726 -0.000000 -0.000215  0.000000  0.000008
                                -0.000000 -0.000018  0.000000  0.000136 -0.000000  0.000503 -0.000000 -0.000123  0.000000 -0.000256
                                 0.000000 -0.000519 -0.000000 -0.000031 -0.000000  0.000000 -0.000000 -0.000000  0.000007  0.000074
                                 0.000220  0.000419  0.000200  0.000005  0.000003  0.000055 -0.000057 -0.000200 -0.000002 -0.000052
                                 0.000067  0.000000  0.000070 -0.000000

   6.3   2    -1.0226  -38.2143 -0.000001 -0.000002 -0.000008 -0.000024 -0.000075 -0.000238 -0.000761 -0.002350 -0.006729 -0.016333
                                -0.030870 -0.034031  0.010667  0.107869  0.154140 -0.041398 -0.310580 -0.307149  0.193123  0.566411
                                 0.397931  0.059988 -0.008536  0.002292 -0.005932 -0.000000 -0.000001 -0.000006 -0.000030 -0.000101
                                -0.000275 -0.000499 -0.000638 -0.000055  0.000932  0.002218  0.001881 -0.001149 -0.014681 -0.010833
                                -0.000732 -0.000007 -0.000000 -0.000059  0.000000 -0.000244 -0.000000 -0.000681  0.000000 -0.001227
                                -0.000000 -0.001940 -0.000000 -0.002144 -0.000000 -0.005435  0.000000 -0.007627 -0.000000 -0.002112
                                 0.000000  0.000075 -0.000000 -0.000020  0.000000  0.000026  0.000000 -0.000041  0.000000  0.000019
                                -0.000000 -0.000239  0.000000 -0.001736 -0.000000  0.000118  0.000000  0.000000  0.000522  0.005607
                                 0.018332  0.029631  0.022977  0.000526  0.000234  0.002096 -0.001319 -0.005025 -0.000062 -0.003789
                                 0.000829 -0.000000  0.001082  0.000000

   7.3   2    -0.4141  -22.8767  0.000000  0.000000  0.000001  0.000003  0.000010  0.000031  0.000101  0.000310  0.000891  0.002151
                                 0.004097  0.004448 -0.001305 -0.014650 -0.019656  0.002579  0.024025  0.049188 -0.039109 -0.076924
                                -0.077159 -0.022701  0.003078 -0.006190  0.018188  0.000003  0.000023  0.000136  0.000612  0.002139
                                 0.005662  0.010744  0.012986  0.003424 -0.025136 -0.043482 -0.032143  0.048612  0.126453  0.072483
                                 0.006932  0.000075  0.000000  0.000632 -0.000000  0.002524  0.000000  0.007518 -0.000000  0.009391
                                 0.000000  0.010892  0.000000  0.016060  0.000000  0.041687 -0.000000  0.019134  0.000000  0.002087
                                -0.000000 -0.000564  0.000000  0.007021 -0.000000  0.012050 -0.000000  0.000358 -0.000000  0.000031
                                 0.000000  0.008444 -0.000000 -0.003068 -0.000000  0.002117 -0.000000 -0.000000  0.006921  0.074967
                                 0.248326  0.392647  0.373664  0.007083  0.003121  0.075817 -0.003595 -0.023861 -0.000229 -0.044323
                                 0.001391 -0.000000  0.010852 -0.000000

   8.3   0     0.0040  -10.7475 -0.000000 -0.000000 -0.000001 -0.000004 -0.000013 -0.000040 -0.000130 -0.000396 -0.001154 -0.002745
                                -0.005334 -0.005560  0.001273  0.019941  0.022418  0.007592  0.030499 -0.085298  0.075189  0.068556
                                 0.194634 -0.219199  0.056645 -0.918406 -0.082633  0.000001  0.000010  0.000057  0.000268  0.000902
                                 0.002482  0.004486  0.005881  0.000842 -0.009721 -0.020951 -0.009906  0.016604  0.061780  0.024584
                                 0.259657 -0.000007 -0.000000 -0.000047 -0.000000 -0.000239 -0.000000 -0.000478 -0.000000 -0.003512
                                -0.000000 -0.006108 -0.000000 -0.005250 -0.000000 -0.000229  0.000000 -0.014593 -0.000000 -0.006989
                                -0.000000  0.020859 -0.000000  0.003382  0.000000  0.005532  0.000000 -0.000065  0.000000  0.000170
                                -0.000000 -0.001355  0.000000 -0.013271 -0.000000 -0.000174  0.000000  0.000000 -0.000210 -0.001953
                                -0.005589 -0.011133  0.010130 -0.000066 -0.000058  0.001241 -0.001003  0.000549 -0.000016 -0.022607
                                -0.000039 -0.000000  0.001540  0.000000

   9.3   0     0.0806  -11.9640 -0.000000 -0.000000 -0.000001 -0.000003 -0.000010 -0.000034 -0.000103 -0.000340 -0.000899 -0.002401
                                -0.003973 -0.005635  0.003737  0.009375  0.037683 -0.066342 -0.388119  0.074746 -0.101501  0.303402
                                -0.205044  0.721551 -1.810567  1.462521  0.325933  0.000003  0.000024  0.000134  0.000628  0.002107
                                 0.005827  0.010464  0.013854  0.001749 -0.022446 -0.049884 -0.022062  0.037987  0.158403  0.143273
                                 0.546279 -0.000068 -0.000000 -0.000538  0.000000 -0.002282 -0.000000 -0.006202  0.000000 -0.015335
                                -0.000000 -0.023070  0.000000 -0.024404  0.000000 -0.021376 -0.000000 -0.034726  0.000000  0.005648
                                -0.000000 -0.216652 -0.000000  0.004179  0.000000  0.006902 -0.000000 -0.000160  0.000000  0.000045
                                -0.000000 -0.003230  0.000000 -0.004180 -0.000000 -0.000181  0.000000  0.000000 -0.001159 -0.014136
                                -0.051298 -0.071053 -0.128744 -0.001878 -0.000691 -0.087770 -0.000562 -0.002690 -0.000033  0.022076
                                 0.000303 -0.000000 -0.001836  0.000000

                                   1 3d2-    1 3d2-    1 3d2-    1 3d2-    1 3d2-    1 3d2-    1 3d2-    1 3d2-    1 3d2-    1 3d2- 
                                   1 3d2-    1 3d2-    1 3d2-    1 3d2-    1 3d2-    1 3d2-    1 4f2-    1 4f2-    1 4f2-    1 4f2- 
                                   1 4f2-    1 4f2-    1 4f2-    1 4f2-    1 4f2-    1 4f2-    1 4f2-    1 4f2-    1 4f2-    1 5g2- 
                                   1 5g4-    1 5g2-    1 5g4-    1 5g2-    1 5g4-    1 5g2-    1 5g4-    1 6h4-    1 6h2-    2 3d2- 
                                   2 3d2-    2 3d2-    2 3d2-    2 4f2-    2 4f2- 

   1.4   2   -32.0209 -201.9718  0.000077  0.000614  0.003588  0.016131  0.055348  0.144728  0.273401  0.357187  0.273173  0.094812
                                 0.009536  0.000285 -0.000126  0.000019 -0.000013  0.000004  0.000002  0.000016  0.000060  0.000105
                                 0.000000 -0.000023 -0.000006  0.000001 -0.000000 -0.000000 -0.000000  0.000029  0.000017 -0.000018
                                 0.000000  0.000007 -0.000000 -0.000002  0.000000  0.000000 -0.000000 -0.000000  0.000001 -0.000000
                                -0.000001 -0.000000  0.000000  0.000000  0.000000

   2.4   2    -4.3481  -80.6754 -0.000035 -0.000279 -0.001627 -0.007387 -0.025528 -0.068167 -0.127657 -0.158988 -0.050285  0.243848
                                 0.461463  0.346127  0.097521  0.005527  0.000114 -0.000030  0.000001  0.000007  0.000029  0.000140
                                 0.000496  0.000303 -0.000164 -0.000381 -0.000068 -0.000001 -0.000000  0.000021  0.000103 -0.000088
                                 0.000000 -0.000074  0.000000 -0.000366 -0.000000 -0.000027 -0.000000 -0.000000 -0.000029  0.000005
                                 0.000004  0.000000 -0.000029 -0.000016  0.000022

   3.4   0     0.0446  -18.2022  0.000006  0.000046  0.000261  0.001206  0.004100  0.011175  0.020438  0.026266  0.004446 -0.045223
                                -0.092649 -0.049086  0.081007  0.290694  0.262039  0.616127 -0.000023 -0.000181 -0.000766 -0.002091
                                -0.005182 -0.007722 -0.008172 -0.006592 -0.017961 -0.034832 -0.078525  0.001381  0.002339 -0.000075
                                -0.000000  0.000179 -0.000000 -0.001895  0.000000 -0.015244 -0.000000  0.000000 -0.000012  0.000909
                                 0.005951  0.000064  0.000257 -0.000379 -0.001144

   4.4   0     0.1459   -9.0039 -0.000002 -0.000012 -0.000078 -0.000332 -0.001217 -0.003068 -0.006186 -0.006734 -0.002865  0.016057
                                 0.020993  0.023905 -0.041034 -0.052330 -0.175908  0.124489 -0.000059 -0.000267 -0.001966 -0.001799
                                -0.052717 -0.096795 -0.079992  0.038645 -0.118417  0.239555 -1.098104  0.064641  0.107005 -0.000025
                                 0.000000  0.000122 -0.000000  0.000101  0.000000  0.018111  0.000000  0.000000  0.000095 -0.000820
                                -0.005751 -0.000063 -0.001694  0.000077 -0.000642

 HOMO     17.1    -0.189681 =      -5.1615eV
 LUMO      8.2     0.004025 =       0.1095eV
 LUMO-HOMO         0.193707 =       5.2710eV


 **********************************************************************************************************************************
 DATASETS  * FILE   NREC   LENGTH (MB)   RECORD NAMES
              1      22       23.06       500      610      700      900      950      970     1000      129      960     1700   
                                          VAR    BASINP    GEOM    SYMINP    ZMAT    AOBASIS   BASIS     P2S    ABASIS    OPER   
                                         1101     1401     1411     1412     1650     1100     1400     1410     1200     1210   
                                          SR      EKINR    POTR     PVPR    MOLCAS      S      EKIN      POT      H0       H01  
                                         1080     1600   
                                         AOSYM     SMH  

              2       4        4.13       700     1000      520     2100   
                                         GEOM     BASIS   MCVARS     RHF  

 PROGRAMS   *        TOTAL       RHF       INT
 CPU TIMES  *       136.40     19.29    116.95
 REAL TIME  *       147.54 SEC
 DISK USED  *         4.89 GB      
 SF USED    *         0.19 MB      
 GA USED    *         0.00 MB       (max)       0.00 MB       (current)
 **********************************************************************************************************************************
 SETTING SCF            =     -8564.56352335  AU                              
 SETTING _CC_NORM_MAX   =         2.00000000                                  


 PROGRAM * CCSD (Restricted open-shell coupled cluster)     Authors: C. Hampel, H.-J. Werner, 1991, M. Deegan, P.J. Knowles, 1992


 Convergence thresholds:  THRVAR = 1.00D-08  THRDEN = 1.30D-06

 CCSD(T)     terms to be evaluated (factor= 1.000)


 Number of closed-shell orbitals:  32 (  16   7   7   2 )
 Number of active  orbitals:        1 (   1   0   0   0 )
 Number of external orbitals:     363 ( 146  87  87  43 )

 Memory could be reduced to 687.37 Mwords without degradation in triples

 Number of N-1 electron functions:              65
 Number of N-2 electron functions:            2080
 Number of singly external CSFs:              7459
 Number of doubly external CSFs:          53494076
 Total number of CSFs:                    53501535

 Molecular orbitals read from record     2100.2  Type=RHF/CANONICAL (state 1.1)

 Integral transformation finished. Total CPU:  23.88 sec, npass=  1  Memory used:  75.32 MW

 Starting RMP2 calculation

 Wavefunction is spin-projected

 ITER.      SQ.NORM     CORR.ENERGY   TOTAL ENERGY   ENERGY CHANGE        DEN1      VAR(S)    VAR(P)  DIIS     TIME
   1      1.26104208    -3.05614813 -8567.61967148    -3.05614813    -0.00276997  0.35D-05  0.12D-02  1  1    30.54
   2      1.26400240    -3.05908509 -8567.62260844    -0.00293696    -0.00000949  0.58D-07  0.65D-05  2  2    36.43
   3      1.26419580    -3.05920135 -8567.62272471    -0.00011626    -0.00000003  0.75D-09  0.26D-07  3  3    42.46
   4      1.26420061    -3.05920199 -8567.62272534    -0.00000064    -0.00000000  0.96D-11  0.15D-09  4  4    49.63

 Norm of t1 vector:      0.01271854      S-energy:    -0.00017353      T1 diagnostic:  0.00003171
 Norm of t2 vector:      0.51384710      P-energy:    -3.05902846
                                         Alpha-Beta:  -2.03184459
                                         Alpha-Alpha: -0.51868898
                                         Beta-Beta:   -0.50849489

 Spin contamination <S**2-Sz**2-Sz>     0.00000000
  Reference energy                  -8564.563523351053
  RHF-RMP2 correlation energy          -3.059201992394
 !RHF-RMP2 energy                   -8567.622725343446
 (NB above energy spin projected)

 Starting RCCSD calculation

 ITER.      SQ.NORM     CORR.ENERGY   TOTAL ENERGY   ENERGY CHANGE        DEN1      VAR(S)    VAR(P)  DIIS     TIME
   1      1.21232663    -2.85375539 -8567.41727874    -2.85375539    -0.05443370  0.12D-01  0.68D-02  0  0   207.48
   2      1.23525168    -2.90444806 -8567.46797141    -0.05069268    -0.00491679  0.63D-03  0.17D-02  1  1   362.87
   3      1.23905034    -2.89770222 -8567.46122557     0.00674585    -0.00081471  0.85D-03  0.85D-04  2  2   519.16
   4      1.24334371    -2.89922202 -8567.46274537    -0.00151980    -0.00027172  0.31D-03  0.35D-04  3  3   675.58
   5      1.25212881    -2.90126855 -8567.46479190    -0.00204653    -0.00003894  0.63D-04  0.36D-05  4  4   832.22
   6      1.25560780    -2.90140269 -8567.46492604    -0.00013415    -0.00001031  0.18D-04  0.12D-05  5  5   990.11
   7      1.25755197    -2.90149911 -8567.46502246    -0.00009642    -0.00000348  0.59D-05  0.32D-06  6  6  1147.34
   8      1.25846761    -2.90151779 -8567.46504115    -0.00001868    -0.00000116  0.17D-05  0.14D-06  6  1  1304.70
   9      1.25895416    -2.90153378 -8567.46505713    -0.00001598    -0.00000035  0.50D-06  0.31D-07  6  2  1462.27
  10      1.25923786    -2.90156016 -8567.46508351    -0.00002638    -0.00000015  0.19D-06  0.14D-07  6  3  1619.34
  11      1.25929436    -2.90155736 -8567.46508071     0.00000280    -0.00000008  0.90D-07  0.95D-08  6  4  1777.55
  12      1.25934334    -2.90155859 -8567.46508194    -0.00000123    -0.00000004  0.41D-07  0.48D-08  6  5  1935.32
  13      1.25940829    -2.90156026 -8567.46508361    -0.00000168    -0.00000002  0.21D-07  0.23D-08  6  6  2093.50
  14      1.25942542    -2.90156106 -8567.46508441    -0.00000080    -0.00000002  0.16D-07  0.17D-08  6  1  2251.04
  15      1.25944508    -2.90156178 -8567.46508513    -0.00000072    -0.00000001  0.84D-08  0.79D-09  6  2  2411.13

 Norm of t1 vector:      0.18025357      S-energy:    -0.00020952      T1 diagnostic:  0.01574538
                                                                       D1 diagnostic:  0.08657527
 Norm of t2 vector:      0.47639661      P-energy:    -2.90135226
                                         Alpha-Beta:  -1.97435045
                                         Alpha-Alpha: -0.46848839
                                         Beta-Beta:   -0.45851342

 Singles amplitudes (print threshold =  0.500E-01):

         I         SYM. A    A   T(IA) [Alpha-Alpha]

        17         1         2      0.08565924
        17         1         4      0.05279257

 Spin contamination <S**2-Sz**2-Sz>     0.00000000

 Memory could be reduced to 763.10 Mwords without degradation in triples
 

  Correlated core orbitals:             1.1       2.1       3.1       4.1       5.1       6.1       7.1       8.1       9.1      10.1
                                       11.1      12.1       1.2       2.2       3.2       4.2       5.2       1.3       2.3       3.3
                                        4.3       5.3       1.4       2.4
  Orbital energies:                 -1437.6015 -232.7930 -208.5728  -51.4510  -43.5113  -32.0210  -32.0202  -20.4884  -11.0748   -8.3806
                                       -4.3494   -4.3484 -208.5729  -43.5149  -32.0197   -8.3847   -4.3467 -208.5729  -43.5149  -32.0197
                                       -8.3847   -4.3467  -32.0210   -4.3484
 
  RCCSD core-core energy               -2.052780985942
  RCCSD core-valence energy            -0.307548641173
  RCCSD valence correlation energy     -0.541232152016
 

 RESULTS
 =======

  Reference energy                  -8564.563523351053
  RCCSD singles energy                 -0.000209516974
  RCCSD pair energy                    -2.901352262156
  RCCSD correlation energy             -2.901561779131
  Triples (T) contribution             -0.057356942797
  Total correlation energy             -2.958918721928
 
  RHF-RCCSD energy                  -8567.465085130183
  RHF-RCCSD[T] energy               -8567.527355118760
  RHF-RCCSD-T energy                -8567.521435474455
 !RHF-RCCSD(T) energy               -8567.522442072981

 Program statistics:

 Available memory in ccsd:               999990858
 Min. memory needed in ccsd:             146382252
 Max. memory used in ccsd:               215981448
 Max. memory used in cckext:             174926307 (15 integral passes)
 Max. memory used in cckint:              75316506 ( 1 integral passes)



 **********************************************************************************************************************************
 DATASETS  * FILE   NREC   LENGTH (MB)   RECORD NAMES
              1      22       23.06       500      610      700      900      950      970     1000      129      960     1700   
                                          VAR    BASINP    GEOM    SYMINP    ZMAT    AOBASIS   BASIS     P2S    ABASIS    OPER   
                                         1101     1401     1411     1412     1650     1100     1400     1410     1200     1210   
                                          SR      EKINR    POTR     PVPR    MOLCAS      S      EKIN      POT      H0       H01  
                                         1080     1600   
                                         AOSYM     SMH  

              2       4        4.13       700     1000      520     2100   
                                         GEOM     BASIS   MCVARS     RHF  

 PROGRAMS   *        TOTAL  RCCSD(T)       RHF       INT
 CPU TIMES  *     11827.25  11690.79     19.29    116.95
 REAL TIME  *     12230.63 SEC
 DISK USED  *        25.32 GB      
 SF USED    *        15.46 GB      
 GA USED    *         0.00 MB       (max)       0.00 MB       (current)
 **********************************************************************************************************************************
 SETTING CCSD           =     -8567.52244207  AU                              
 VARIABLE SR_CCSD UNDEFINED, ASSUMING 0
 VARIABLE O_CCSD UNDEFINED, ASSUMING 0
 SETTING BIND           =     -8567.52244207  AU                              
 Output type csv         
                                                                                                                                                                                                                                                                

   1.9,SCF,CCSD,BIND
   1.9,   -8564.563523,   -8567.522442,   -8567.522442
                                                  

 RCCSD(T)/USERDEF energy=  -8567.522442072981

        RCCSD(T)        RHF-SCF 
  -8567.52244207  -8564.56352335
 **********************************************************************************************************************************
 Molpro calculation terminated
 Variable memory released
